[ 2016-11-08T13:53:57+08:00 ] 127.0.0.1 /
INFO: [ app_init ] --START--
INFO: Run Behavior\BuildLiteBehavior [ RunTime:0.000245s ]
INFO: [ app_init ] --END-- [ RunTime:0.003013s ]
INFO: [ app_begin ] --START--
INFO: Run Behavior\ReadHtmlCacheBehavior [ RunTime:0.003799s ]
INFO: [ app_begin ] --END-- [ RunTime:0.005103s ]
SQL: SHOW COLUMNS FROM `zz_link` [ RunTime:0.014837s ]
SQL: SELECT * FROM `zz_link` WHERE ( catid=1 ) ORDER BY `listorder` desc,`id` desc  [ RunTime:0.003015s ]
SQL: SHOW COLUMNS FROM `zz_config` [ RunTime:0.010283s ]
SQL: SELECT * FROM `zz_config` WHERE ( `groupid` IN ('1','5','6','7','8') )  [ RunTime:0.002418s ]
SQL: SHOW COLUMNS FROM `zz_member` [ RunTime:0.011983s ]
SQL: SELECT `nickname`,`sex`,`birthday`,`area`,`hometown`,`education`,`school`,`zodiac`,`constellation`,`bloodtype`,`info`,`characteristic`,`hobby` FROM `zz_member` WHERE ( id= ) LIMIT 1   [ RunTime:0.000934s ]
ERR: 1064:You have an error in your SQL syntax; check the manual that corresponds to your MySQL server version for the right syntax to use near ') LIMIT 1' at line 1
 [ SQL语句 ] : SELECT `nickname`,`sex`,`birthday`,`area`,`hometown`,`education`,`school`,`zodiac`,`constellation`,`bloodtype`,`info`,`characteristic`,`hobby` FROM `zz_member` WHERE ( id= ) LIMIT 1  
NOTIC: [2] Invalid argument supplied for foreach() C:\wamp\www\woniu\Application\Home\Common\CommonController.class.php 第 145 行.
NOTIC: [2] Division by zero C:\wamp\www\woniu\Application\Home\Common\CommonController.class.php 第 152 行.
NOTIC: [8] Undefined index: HTTP_REFERER C:\wamp\www\woniu\Application\Api\Common\CommonController.class.php 第 15 行.
NOTIC: [8] Undefined index: HTTP_RAW_POST_DATA C:\wamp\www\woniu\Application\Api\Common\CommonController.class.php 第 16 行.
SQL: SHOW COLUMNS FROM `zz_debug` [ RunTime:0.009712s ]
SQL: INSERT INTO `zz_debug` (`controller`,`action`,`get`,`post`,`inputtime`) VALUES ('Index','index',null,null,1478584435) [ RunTime:0.006485s ]
NOTIC: [8] Undefined index: y C:\wamp\www\woniu\Application\Api\Controller\MapController.class.php 第 183 行.
NOTIC: [8] Undefined index: x C:\wamp\www\woniu\Application\Api\Controller\MapController.class.php 第 183 行.
NOTIC: [8] Undefined index: province C:\wamp\www\woniu\Application\Home\Common\CommonController.class.php 第 43 行.
NOTIC: [8] Undefined index: city C:\wamp\www\woniu\Application\Home\Common\CommonController.class.php 第 46 行.
SQL: SHOW COLUMNS FROM `zz_area` [ RunTime:0.011184s ]
SQL: SELECT `name` FROM `zz_area` WHERE ( `id` = null ) LIMIT 1   [ RunTime:0.001900s ]
SQL: SELECT `id` FROM `zz_area` WHERE ( `parentid` = 0 ) AND ( `id` NOT IN ('2','3','4','5') )  [ RunTime:0.002319s ]
SQL: SELECT `id`,`name`,`fletter`,`ishot`,`thumb` FROM `zz_area` WHERE (  ( `parentid` IN ('6','7','8','9','10','11','12','13','14','15','16','17','18','19','20','21','22','23','24','25','26','27','28','29','30','31','32','33','34','35','3358') ) OR ( `id` IN ('2','3','4','5') ) ) AND ( `ishot` = 1 )  [ RunTime:0.002711s ]
SQL: SHOW COLUMNS FROM `zz_review` [ RunTime:0.009498s ]
SQL: SHOW COLUMNS FROM zz_hostel a [ RunTime:0.000797s ]
ERR: 1064:You have an error in your SQL syntax; check the manual that corresponds to your MySQL server version for the right syntax to use near 'a' at line 1
 [ SQL语句 ] : SHOW COLUMNS FROM zz_hostel a
SQL: SELECT a.id,a.title,a.thumb,a.money,a.area,a.address,a.lat,a.lng,a.hit,a.score as evaluation,a.scorepercent as evaluationpercent,a.uid,b.nickname,b.head,b.rongyun_token,a.type,a.inputtime,c.reviewnum FROM zz_hostel a left join zz_member b on a.uid=b.id left join ( SELECT `value`,count(value) as reviewnum FROM `zz_review` WHERE ( `isdel` = 0 ) AND ( `varname` = 'hostel' ) GROUP BY value  ) c on a.id=c.value  WHERE ( a.status = 2 ) AND ( a.isdel = 0 ) AND ( a.isoff = 0 ) ORDER BY a.hit desc,a.id desc LIMIT 6   [ RunTime:0.004540s ]
ERR: 1054:Unknown column 'a.isoff' in 'where clause'
 [ SQL语句 ] : SELECT a.id,a.title,a.thumb,a.money,a.area,a.address,a.lat,a.lng,a.hit,a.score as evaluation,a.scorepercent as evaluationpercent,a.uid,b.nickname,b.head,b.rongyun_token,a.type,a.inputtime,c.reviewnum FROM zz_hostel a left join zz_member b on a.uid=b.id left join ( SELECT `value`,count(value) as reviewnum FROM `zz_review` WHERE ( `isdel` = 0 ) AND ( `varname` = 'hostel' ) GROUP BY value  ) c on a.id=c.value  WHERE ( a.status = 2 ) AND ( a.isdel = 0 ) AND ( a.isoff = 0 ) ORDER BY a.hit desc,a.id desc LIMIT 6  
NOTIC: [2] Invalid argument supplied for foreach() C:\wamp\www\woniu\Application\Home\Controller\IndexController.class.php 第 37 行.
SQL: SHOW COLUMNS FROM zz_activity a [ RunTime:0.000795s ]
ERR: 1064:You have an error in your SQL syntax; check the manual that corresponds to your MySQL server version for the right syntax to use near 'a' at line 1
 [ SQL语句 ] : SHOW COLUMNS FROM zz_activity a
SQL: SELECT a.id,a.title,a.thumb,a.money,a.area,a.address,a.lat,a.lng,a.starttime,a.endtime,a.uid,b.nickname,b.head,b.rongyun_token,a.type,a.inputtime FROM zz_activity a left join zz_member b on a.uid=b.id  WHERE ( a.status = 2 ) AND ( a.isdel = 0 ) AND ( a.isoff = 0 ) ORDER BY a.hit desc,a.listorder desc,a.id desc LIMIT 4   [ RunTime:0.004317s ]
ERR: 1054:Unknown column 'a.isoff' in 'where clause'
 [ SQL语句 ] : SELECT a.id,a.title,a.thumb,a.money,a.area,a.address,a.lat,a.lng,a.starttime,a.endtime,a.uid,b.nickname,b.head,b.rongyun_token,a.type,a.inputtime FROM zz_activity a left join zz_member b on a.uid=b.id  WHERE ( a.status = 2 ) AND ( a.isdel = 0 ) AND ( a.isoff = 0 ) ORDER BY a.hit desc,a.listorder desc,a.id desc LIMIT 4  
SQL: SHOW COLUMNS FROM zz_note a [ RunTime:0.000814s ]
ERR: 1064:You have an error in your SQL syntax; check the manual that corresponds to your MySQL server version for the right syntax to use near 'a' at line 1
 [ SQL语句 ] : SHOW COLUMNS FROM zz_note a
SQL: SELECT a.id,a.title,a.thumb,a.description,a.area,a.city,a.address,a.lat,a.lng,a.hit,a.begintime,a.endtime,a.uid,b.nickname,b.head,b.rongyun_token,a.inputtime,a.type,c.reviewnum FROM zz_note a left join zz_member b on a.uid=b.id left join ( SELECT `value`,count(value) as reviewnum FROM `zz_review` WHERE ( `isdel` = 0 ) AND ( `varname` = 'note' ) GROUP BY value  ) c on a.id=c.value  WHERE ( a.status = 2 ) AND ( a.isdel = 0 ) AND ( a.isoff = 0 ) ORDER BY a.hit desc LIMIT 10   [ RunTime:0.004411s ]
ERR: 1054:Unknown column 'a.isoff' in 'where clause'
 [ SQL语句 ] : SELECT a.id,a.title,a.thumb,a.description,a.area,a.city,a.address,a.lat,a.lng,a.hit,a.begintime,a.endtime,a.uid,b.nickname,b.head,b.rongyun_token,a.inputtime,a.type,c.reviewnum FROM zz_note a left join zz_member b on a.uid=b.id left join ( SELECT `value`,count(value) as reviewnum FROM `zz_review` WHERE ( `isdel` = 0 ) AND ( `varname` = 'note' ) GROUP BY value  ) c on a.id=c.value  WHERE ( a.status = 2 ) AND ( a.isdel = 0 ) AND ( a.isoff = 0 ) ORDER BY a.hit desc LIMIT 10  
NOTIC: [2] Invalid argument supplied for foreach() C:\wamp\www\woniu\Application\Home\Controller\IndexController.class.php 第 87 行.
SQL: SELECT a.id,a.title,a.thumb,a.description,a.area,a.city,a.address,a.lat,a.lng,a.hit,a.begintime,a.endtime,a.uid,b.nickname,b.head,b.rongyun_token,a.inputtime,a.type,c.reviewnum FROM zz_note a left join zz_member b on a.uid=b.id left join ( SELECT `value`,count(value) as reviewnum FROM `zz_review` WHERE ( `isdel` = 0 ) AND ( `varname` = 'note' ) GROUP BY value  ) c on a.id=c.value  WHERE ( a.status = 2 ) AND ( a.isdel = 0 ) AND ( a.isoff = 0 ) ORDER BY a.id desc LIMIT 10   [ RunTime:0.001180s ]
ERR: 1054:Unknown column 'a.isoff' in 'where clause'
 [ SQL语句 ] : SELECT a.id,a.title,a.thumb,a.description,a.area,a.city,a.address,a.lat,a.lng,a.hit,a.begintime,a.endtime,a.uid,b.nickname,b.head,b.rongyun_token,a.inputtime,a.type,c.reviewnum FROM zz_note a left join zz_member b on a.uid=b.id left join ( SELECT `value`,count(value) as reviewnum FROM `zz_review` WHERE ( `isdel` = 0 ) AND ( `varname` = 'note' ) GROUP BY value  ) c on a.id=c.value  WHERE ( a.status = 2 ) AND ( a.isdel = 0 ) AND ( a.isoff = 0 ) ORDER BY a.id desc LIMIT 10  
NOTIC: [2] Invalid argument supplied for foreach() C:\wamp\www\woniu\Application\Home\Controller\IndexController.class.php 第 112 行.
SQL: SHOW COLUMNS FROM `zz_tripinfo` [ RunTime:0.009557s ]
SQL: SELECT `city`,`cityname`,count(city) as citynum FROM `zz_tripinfo` GROUP BY city  [ RunTime:0.002553s ]
SQL: SHOW COLUMNS FROM `zz_ad` [ RunTime:0.009187s ]
SQL: SELECT * FROM `zz_ad` WHERE ( `catid` = 11 ) ORDER BY `listorder` desc,`id` desc LIMIT 1   [ RunTime:0.001384s ]
INFO: [ view_parse ] --START--
INFO: [ template_filter ] --START--
INFO: Run Behavior\ContentReplaceBehavior [ RunTime:0.001458s ]
INFO: [ template_filter ] --END-- [ RunTime:0.002705s ]
NOTIC: [8] Undefined variable: arrparentid C:\wamp\www\woniu\Runtime\Cache\Home\74c9bdbded7009a43a281be8a565b911.php 第 190 行.
NOTIC: [8] Undefined variable: user C:\wamp\www\woniu\Runtime\Cache\Home\74c9bdbded7009a43a281be8a565b911.php 第 804 行.
NOTIC: [8] Undefined variable: user C:\wamp\www\woniu\Runtime\Cache\Home\74c9bdbded7009a43a281be8a565b911.php 第 842 行.
NOTIC: [8] Undefined variable: user C:\wamp\www\woniu\Runtime\Cache\Home\74c9bdbded7009a43a281be8a565b911.php 第 880 行.
NOTIC: [8] Undefined variable: user C:\wamp\www\woniu\Runtime\Cache\Home\74c9bdbded7009a43a281be8a565b911.php 第 913 行.
NOTIC: [8] Undefined variable: user C:\wamp\www\woniu\Runtime\Cache\Home\74c9bdbded7009a43a281be8a565b911.php 第 946 行.
NOTIC: [8] Undefined variable: user C:\wamp\www\woniu\Runtime\Cache\Home\74c9bdbded7009a43a281be8a565b911.php 第 1018 行.
NOTIC: [8] Undefined variable: user C:\wamp\www\woniu\Runtime\Cache\Home\74c9bdbded7009a43a281be8a565b911.php 第 1159 行.
INFO: Run Behavior\ParseTemplateBehavior [ RunTime:0.446593s ]
INFO: [ view_parse ] --END-- [ RunTime:0.447824s ]
INFO: [ view_filter ] --START--
INFO: Run Behavior\WriteHtmlCacheBehavior [ RunTime:0.003347s ]
INFO: [ view_filter ] --END-- [ RunTime:0.004653s ]
INFO: [ app_end ] --START--
INFO: Run Behavior\ShowPageTraceBehavior [ RunTime:0.002353s ]
INFO: [ app_end ] --END-- [ RunTime:0.003793s ]

[ 2016-11-08T13:54:02+08:00 ] 127.0.0.1 /index.php/Home/Public/getareachildren.html?id=0
INFO: [ app_init ] --START--
INFO: Run Behavior\BuildLiteBehavior [ RunTime:0.000299s ]
INFO: [ app_init ] --END-- [ RunTime:0.003250s ]
INFO: [ app_begin ] --START--
INFO: Run Behavior\ReadHtmlCacheBehavior [ RunTime:0.001794s ]
INFO: [ app_begin ] --END-- [ RunTime:0.002977s ]
NOTIC: [8] Undefined index: uid C:\wamp\www\woniu\Application\Home\Controller\PublicController.class.php 第 30 行.
SQL: SHOW COLUMNS FROM `zz_area` [ RunTime:0.006354s ]
INFO: [ app_end ] --START--
INFO: Run Behavior\ShowPageTraceBehavior [ RunTime:0.001663s ]
INFO: [ app_end ] --END-- [ RunTime:0.002790s ]

[ 2016-11-08T13:54:05+08:00 ] 127.0.0.1 /index.php/Home/Public/getareachildren.html?id=0
INFO: [ app_init ] --START--
INFO: Run Behavior\BuildLiteBehavior [ RunTime:0.000237s ]
INFO: [ app_init ] --END-- [ RunTime:0.002120s ]
INFO: [ app_begin ] --START--
INFO: Run Behavior\ReadHtmlCacheBehavior [ RunTime:0.001705s ]
INFO: [ app_begin ] --END-- [ RunTime:0.002704s ]
NOTIC: [8] Undefined index: uid C:\wamp\www\woniu\Application\Home\Controller\PublicController.class.php 第 30 行.
SQL: SHOW COLUMNS FROM `zz_area` [ RunTime:0.006508s ]
INFO: [ app_end ] --START--
INFO: Run Behavior\ShowPageTraceBehavior [ RunTime:0.001499s ]
INFO: [ app_end ] --END-- [ RunTime:0.002603s ]

[ 2016-11-08T13:54:08+08:00 ] 127.0.0.1 /index.php/Home/Member/login.html
INFO: [ app_init ] --START--
INFO: Run Behavior\BuildLiteBehavior [ RunTime:0.000246s ]
INFO: [ app_init ] --END-- [ RunTime:0.002304s ]
INFO: [ app_begin ] --START--
INFO: Run Behavior\ReadHtmlCacheBehavior [ RunTime:0.001980s ]
INFO: [ app_begin ] --END-- [ RunTime:0.003634s ]
SQL: SHOW COLUMNS FROM `zz_link` [ RunTime:0.006694s ]
SQL: SELECT * FROM `zz_link` WHERE ( catid=1 ) ORDER BY `listorder` desc,`id` desc  [ RunTime:0.001178s ]
SQL: SHOW COLUMNS FROM `zz_config` [ RunTime:0.006069s ]
SQL: SELECT * FROM `zz_config` WHERE ( `groupid` IN ('1','5','6','7','8') )  [ RunTime:0.001752s ]
SQL: SHOW COLUMNS FROM `zz_member` [ RunTime:0.007321s ]
SQL: SELECT `nickname`,`sex`,`birthday`,`area`,`hometown`,`education`,`school`,`zodiac`,`constellation`,`bloodtype`,`info`,`characteristic`,`hobby` FROM `zz_member` WHERE ( id= ) LIMIT 1   [ RunTime:0.000784s ]
ERR: 1064:You have an error in your SQL syntax; check the manual that corresponds to your MySQL server version for the right syntax to use near ') LIMIT 1' at line 1
 [ SQL语句 ] : SELECT `nickname`,`sex`,`birthday`,`area`,`hometown`,`education`,`school`,`zodiac`,`constellation`,`bloodtype`,`info`,`characteristic`,`hobby` FROM `zz_member` WHERE ( id= ) LIMIT 1  
NOTIC: [2] Invalid argument supplied for foreach() C:\wamp\www\woniu\Application\Home\Common\CommonController.class.php 第 145 行.
NOTIC: [2] Division by zero C:\wamp\www\woniu\Application\Home\Common\CommonController.class.php 第 152 行.
NOTIC: [8] Undefined index: HTTP_RAW_POST_DATA C:\wamp\www\woniu\Application\Api\Common\CommonController.class.php 第 16 行.
SQL: SHOW COLUMNS FROM `zz_debug` [ RunTime:0.006905s ]
SQL: INSERT INTO `zz_debug` (`controller`,`action`,`get`,`post`,`inputtime`) VALUES ('Member','login','http://127.0.0.8/',null,1478584447) [ RunTime:0.001351s ]
NOTIC: [8] Undefined index: y C:\wamp\www\woniu\Application\Api\Controller\MapController.class.php 第 183 行.
NOTIC: [8] Undefined index: x C:\wamp\www\woniu\Application\Api\Controller\MapController.class.php 第 183 行.
NOTIC: [8] Undefined index: province C:\wamp\www\woniu\Application\Home\Common\CommonController.class.php 第 43 行.
NOTIC: [8] Undefined index: city C:\wamp\www\woniu\Application\Home\Common\CommonController.class.php 第 46 行.
SQL: SHOW COLUMNS FROM `zz_area` [ RunTime:0.006946s ]
SQL: SELECT `name` FROM `zz_area` WHERE ( `id` = null ) LIMIT 1   [ RunTime:0.000908s ]
SQL: SHOW COLUMNS FROM zz_book_room a [ RunTime:0.000771s ]
ERR: 1064:You have an error in your SQL syntax; check the manual that corresponds to your MySQL server version for the right syntax to use near 'a' at line 1
 [ SQL语句 ] : SHOW COLUMNS FROM zz_book_room a
SQL: SELECT b.catid,b.style FROM zz_book_room a left join zz_hostel b on a.hid=b.id  WHERE ( a.uid = null )  [ RunTime:0.005018s ]
SQL: SHOW COLUMNS FROM `zz_hostel` [ RunTime:0.007776s ]
INFO: [ view_parse ] --START--
INFO: [ template_filter ] --START--
INFO: Run Behavior\ContentReplaceBehavior [ RunTime:0.000724s ]
INFO: [ template_filter ] --END-- [ RunTime:0.001947s ]
INFO: Run Behavior\ParseTemplateBehavior [ RunTime:0.035036s ]
INFO: [ view_parse ] --END-- [ RunTime:0.036322s ]
INFO: [ view_filter ] --START--
INFO: Run Behavior\WriteHtmlCacheBehavior [ RunTime:0.001335s ]
INFO: [ view_filter ] --END-- [ RunTime:0.002794s ]
INFO: [ app_end ] --START--
INFO: Run Behavior\ShowPageTraceBehavior [ RunTime:0.001647s ]
INFO: [ app_end ] --END-- [ RunTime:0.002858s ]

[ 2016-11-08T13:54:12+08:00 ] 127.0.0.1 /index.php/Home/Member/login.html
INFO: [ app_init ] --START--
INFO: Run Behavior\BuildLiteBehavior [ RunTime:0.000234s ]
INFO: [ app_init ] --END-- [ RunTime:0.002950s ]
INFO: [ app_begin ] --START--
INFO: Run Behavior\ReadHtmlCacheBehavior [ RunTime:0.002048s ]
INFO: [ app_begin ] --END-- [ RunTime:0.003512s ]
SQL: SHOW COLUMNS FROM `zz_link` [ RunTime:0.006685s ]
SQL: SELECT * FROM `zz_link` WHERE ( catid=1 ) ORDER BY `listorder` desc,`id` desc  [ RunTime:0.001194s ]
SQL: SHOW COLUMNS FROM `zz_config` [ RunTime:0.006091s ]
SQL: SELECT * FROM `zz_config` WHERE ( `groupid` IN ('1','5','6','7','8') )  [ RunTime:0.001701s ]
SQL: SHOW COLUMNS FROM `zz_member` [ RunTime:0.008393s ]
SQL: SELECT `nickname`,`sex`,`birthday`,`area`,`hometown`,`education`,`school`,`zodiac`,`constellation`,`bloodtype`,`info`,`characteristic`,`hobby` FROM `zz_member` WHERE ( id= ) LIMIT 1   [ RunTime:0.000846s ]
ERR: 1064:You have an error in your SQL syntax; check the manual that corresponds to your MySQL server version for the right syntax to use near ') LIMIT 1' at line 1
 [ SQL语句 ] : SELECT `nickname`,`sex`,`birthday`,`area`,`hometown`,`education`,`school`,`zodiac`,`constellation`,`bloodtype`,`info`,`characteristic`,`hobby` FROM `zz_member` WHERE ( id= ) LIMIT 1  
NOTIC: [2] Invalid argument supplied for foreach() C:\wamp\www\woniu\Application\Home\Common\CommonController.class.php 第 145 行.
NOTIC: [2] Division by zero C:\wamp\www\woniu\Application\Home\Common\CommonController.class.php 第 152 行.
NOTIC: [8] Undefined index: HTTP_RAW_POST_DATA C:\wamp\www\woniu\Application\Api\Common\CommonController.class.php 第 16 行.
SQL: SHOW COLUMNS FROM `zz_debug` [ RunTime:0.006142s ]
SQL: INSERT INTO `zz_debug` (`controller`,`action`,`get`,`post`,`inputtime`) VALUES ('Member','login','http://127.0.0.8/',null,1478584451) [ RunTime:0.000973s ]
NOTIC: [8] Undefined index: y C:\wamp\www\woniu\Application\Api\Controller\MapController.class.php 第 183 行.
NOTIC: [8] Undefined index: x C:\wamp\www\woniu\Application\Api\Controller\MapController.class.php 第 183 行.
NOTIC: [8] Undefined index: province C:\wamp\www\woniu\Application\Home\Common\CommonController.class.php 第 43 行.
NOTIC: [8] Undefined index: city C:\wamp\www\woniu\Application\Home\Common\CommonController.class.php 第 46 行.
SQL: SHOW COLUMNS FROM `zz_area` [ RunTime:0.006668s ]
SQL: SELECT `name` FROM `zz_area` WHERE ( `id` = null ) LIMIT 1   [ RunTime:0.000885s ]
SQL: SHOW COLUMNS FROM zz_book_room a [ RunTime:0.001132s ]
ERR: 1064:You have an error in your SQL syntax; check the manual that corresponds to your MySQL server version for the right syntax to use near 'a' at line 1
 [ SQL语句 ] : SHOW COLUMNS FROM zz_book_room a
SQL: SELECT b.catid,b.style FROM zz_book_room a left join zz_hostel b on a.hid=b.id  WHERE ( a.uid = null )  [ RunTime:0.001102s ]
SQL: SHOW COLUMNS FROM `zz_hostel` [ RunTime:0.006702s ]
INFO: [ view_parse ] --START--
INFO: [ template_filter ] --START--
INFO: Run Behavior\ContentReplaceBehavior [ RunTime:0.000709s ]
INFO: [ template_filter ] --END-- [ RunTime:0.002157s ]
INFO: Run Behavior\ParseTemplateBehavior [ RunTime:0.038720s ]
INFO: [ view_parse ] --END-- [ RunTime:0.039970s ]
INFO: [ view_filter ] --START--
INFO: Run Behavior\WriteHtmlCacheBehavior [ RunTime:0.001430s ]
INFO: [ view_filter ] --END-- [ RunTime:0.002623s ]
INFO: [ app_end ] --START--
INFO: Run Behavior\ShowPageTraceBehavior [ RunTime:0.001536s ]
INFO: [ app_end ] --END-- [ RunTime:0.002908s ]

[ 2016-11-08T13:54:15+08:00 ] 127.0.0.1 /index.php/Home/Member/login.html
INFO: [ app_init ] --START--
INFO: Run Behavior\BuildLiteBehavior [ RunTime:0.000236s ]
INFO: [ app_init ] --END-- [ RunTime:0.008016s ]
INFO: [ app_begin ] --START--
INFO: Run Behavior\ReadHtmlCacheBehavior [ RunTime:0.001792s ]
INFO: [ app_begin ] --END-- [ RunTime:0.004399s ]
SQL: SHOW COLUMNS FROM `zz_link` [ RunTime:0.006481s ]
SQL: SELECT * FROM `zz_link` WHERE ( catid=1 ) ORDER BY `listorder` desc,`id` desc  [ RunTime:0.001586s ]
SQL: SHOW COLUMNS FROM `zz_config` [ RunTime:0.006920s ]
SQL: SELECT * FROM `zz_config` WHERE ( `groupid` IN ('1','5','6','7','8') )  [ RunTime:0.001681s ]
SQL: SHOW COLUMNS FROM `zz_member` [ RunTime:0.006980s ]
SQL: SELECT `nickname`,`sex`,`birthday`,`area`,`hometown`,`education`,`school`,`zodiac`,`constellation`,`bloodtype`,`info`,`characteristic`,`hobby` FROM `zz_member` WHERE ( id= ) LIMIT 1   [ RunTime:0.000699s ]
ERR: 1064:You have an error in your SQL syntax; check the manual that corresponds to your MySQL server version for the right syntax to use near ') LIMIT 1' at line 1
 [ SQL语句 ] : SELECT `nickname`,`sex`,`birthday`,`area`,`hometown`,`education`,`school`,`zodiac`,`constellation`,`bloodtype`,`info`,`characteristic`,`hobby` FROM `zz_member` WHERE ( id= ) LIMIT 1  
NOTIC: [2] Invalid argument supplied for foreach() C:\wamp\www\woniu\Application\Home\Common\CommonController.class.php 第 145 行.
NOTIC: [2] Division by zero C:\wamp\www\woniu\Application\Home\Common\CommonController.class.php 第 152 行.
NOTIC: [8] Undefined index: HTTP_RAW_POST_DATA C:\wamp\www\woniu\Application\Api\Common\CommonController.class.php 第 16 行.
SQL: SHOW COLUMNS FROM `zz_debug` [ RunTime:0.006128s ]
SQL: INSERT INTO `zz_debug` (`controller`,`action`,`get`,`post`,`inputtime`) VALUES ('Member','login','http://127.0.0.8/',null,1478584454) [ RunTime:0.001000s ]
NOTIC: [8] Undefined index: y C:\wamp\www\woniu\Application\Api\Controller\MapController.class.php 第 183 行.
NOTIC: [8] Undefined index: x C:\wamp\www\woniu\Application\Api\Controller\MapController.class.php 第 183 行.
NOTIC: [8] Undefined index: province C:\wamp\www\woniu\Application\Home\Common\CommonController.class.php 第 43 行.
NOTIC: [8] Undefined index: city C:\wamp\www\woniu\Application\Home\Common\CommonController.class.php 第 46 行.
SQL: SHOW COLUMNS FROM `zz_area` [ RunTime:0.007004s ]
SQL: SELECT `name` FROM `zz_area` WHERE ( `id` = null ) LIMIT 1   [ RunTime:0.000884s ]
SQL: SHOW COLUMNS FROM zz_book_room a [ RunTime:0.000757s ]
ERR: 1064:You have an error in your SQL syntax; check the manual that corresponds to your MySQL server version for the right syntax to use near 'a' at line 1
 [ SQL语句 ] : SHOW COLUMNS FROM zz_book_room a
SQL: SELECT b.catid,b.style FROM zz_book_room a left join zz_hostel b on a.hid=b.id  WHERE ( a.uid = null )  [ RunTime:0.001339s ]
SQL: SHOW COLUMNS FROM `zz_hostel` [ RunTime:0.007079s ]
INFO: [ view_parse ] --START--
INFO: [ template_filter ] --START--
INFO: Run Behavior\ContentReplaceBehavior [ RunTime:0.000737s ]
INFO: [ template_filter ] --END-- [ RunTime:0.003298s ]
INFO: Run Behavior\ParseTemplateBehavior [ RunTime:0.039931s ]
INFO: [ view_parse ] --END-- [ RunTime:0.041133s ]
INFO: [ view_filter ] --START--
INFO: Run Behavior\WriteHtmlCacheBehavior [ RunTime:0.001534s ]
INFO: [ view_filter ] --END-- [ RunTime:0.003305s ]
INFO: [ app_end ] --START--
INFO: Run Behavior\ShowPageTraceBehavior [ RunTime:0.001599s ]
INFO: [ app_end ] --END-- [ RunTime:0.002777s ]

[ 2016-11-08T13:54:18+08:00 ] 127.0.0.1 /index.php/Home/Member/login.html
INFO: [ app_init ] --START--
INFO: Run Behavior\BuildLiteBehavior [ RunTime:0.000240s ]
INFO: [ app_init ] --END-- [ RunTime:0.002481s ]
INFO: [ app_begin ] --START--
INFO: Run Behavior\ReadHtmlCacheBehavior [ RunTime:0.001526s ]
INFO: [ app_begin ] --END-- [ RunTime:0.002902s ]
SQL: SHOW COLUMNS FROM `zz_link` [ RunTime:0.006780s ]
SQL: SELECT * FROM `zz_link` WHERE ( catid=1 ) ORDER BY `listorder` desc,`id` desc  [ RunTime:0.001119s ]
SQL: SHOW COLUMNS FROM `zz_config` [ RunTime:0.006897s ]
SQL: SELECT * FROM `zz_config` WHERE ( `groupid` IN ('1','5','6','7','8') )  [ RunTime:0.001746s ]
SQL: SHOW COLUMNS FROM `zz_member` [ RunTime:0.007057s ]
SQL: SELECT `nickname`,`sex`,`birthday`,`area`,`hometown`,`education`,`school`,`zodiac`,`constellation`,`bloodtype`,`info`,`characteristic`,`hobby` FROM `zz_member` WHERE ( id= ) LIMIT 1   [ RunTime:0.001110s ]
ERR: 1064:You have an error in your SQL syntax; check the manual that corresponds to your MySQL server version for the right syntax to use near ') LIMIT 1' at line 1
 [ SQL语句 ] : SELECT `nickname`,`sex`,`birthday`,`area`,`hometown`,`education`,`school`,`zodiac`,`constellation`,`bloodtype`,`info`,`characteristic`,`hobby` FROM `zz_member` WHERE ( id= ) LIMIT 1  
NOTIC: [2] Invalid argument supplied for foreach() C:\wamp\www\woniu\Application\Home\Common\CommonController.class.php 第 145 行.
NOTIC: [2] Division by zero C:\wamp\www\woniu\Application\Home\Common\CommonController.class.php 第 152 行.
NOTIC: [8] Undefined index: HTTP_RAW_POST_DATA C:\wamp\www\woniu\Application\Api\Common\CommonController.class.php 第 16 行.
SQL: SHOW COLUMNS FROM `zz_debug` [ RunTime:0.007804s ]
SQL: INSERT INTO `zz_debug` (`controller`,`action`,`get`,`post`,`inputtime`) VALUES ('Member','login','http://127.0.0.8/',null,1478584457) [ RunTime:0.001804s ]
NOTIC: [8] Undefined index: y C:\wamp\www\woniu\Application\Api\Controller\MapController.class.php 第 183 行.
NOTIC: [8] Undefined index: x C:\wamp\www\woniu\Application\Api\Controller\MapController.class.php 第 183 行.
NOTIC: [8] Undefined index: province C:\wamp\www\woniu\Application\Home\Common\CommonController.class.php 第 43 行.
NOTIC: [8] Undefined index: city C:\wamp\www\woniu\Application\Home\Common\CommonController.class.php 第 46 行.
SQL: SHOW COLUMNS FROM `zz_area` [ RunTime:0.006966s ]
SQL: SELECT `name` FROM `zz_area` WHERE ( `id` = null ) LIMIT 1   [ RunTime:0.002599s ]
SQL: SHOW COLUMNS FROM zz_book_room a [ RunTime:0.000855s ]
ERR: 1064:You have an error in your SQL syntax; check the manual that corresponds to your MySQL server version for the right syntax to use near 'a' at line 1
 [ SQL语句 ] : SHOW COLUMNS FROM zz_book_room a
SQL: SELECT b.catid,b.style FROM zz_book_room a left join zz_hostel b on a.hid=b.id  WHERE ( a.uid = null )  [ RunTime:0.001166s ]
SQL: SHOW COLUMNS FROM `zz_hostel` [ RunTime:0.009014s ]
INFO: [ view_parse ] --START--
INFO: [ template_filter ] --START--
INFO: Run Behavior\ContentReplaceBehavior [ RunTime:0.001118s ]
INFO: [ template_filter ] --END-- [ RunTime:0.017546s ]
INFO: Run Behavior\ParseTemplateBehavior [ RunTime:0.093805s ]
INFO: [ view_parse ] --END-- [ RunTime:0.095319s ]
INFO: [ view_filter ] --START--
INFO: Run Behavior\WriteHtmlCacheBehavior [ RunTime:0.002573s ]
INFO: [ view_filter ] --END-- [ RunTime:0.003847s ]
INFO: [ app_end ] --START--
INFO: Run Behavior\ShowPageTraceBehavior [ RunTime:0.001539s ]
INFO: [ app_end ] --END-- [ RunTime:0.002838s ]

[ 2016-11-08T13:54:22+08:00 ] 127.0.0.1 /index.php/Home/Member/login.html
INFO: [ app_init ] --START--
INFO: Run Behavior\BuildLiteBehavior [ RunTime:0.000351s ]
INFO: [ app_init ] --END-- [ RunTime:0.003086s ]
INFO: [ app_begin ] --START--
INFO: Run Behavior\ReadHtmlCacheBehavior [ RunTime:0.001503s ]
INFO: [ app_begin ] --END-- [ RunTime:0.002854s ]
SQL: SHOW COLUMNS FROM `zz_link` [ RunTime:0.007664s ]
SQL: SELECT * FROM `zz_link` WHERE ( catid=1 ) ORDER BY `listorder` desc,`id` desc  [ RunTime:0.003319s ]
SQL: SHOW COLUMNS FROM `zz_config` [ RunTime:0.006699s ]
SQL: SELECT * FROM `zz_config` WHERE ( `groupid` IN ('1','5','6','7','8') )  [ RunTime:0.001672s ]
SQL: SHOW COLUMNS FROM `zz_member` [ RunTime:0.008963s ]
SQL: SELECT `nickname`,`sex`,`birthday`,`area`,`hometown`,`education`,`school`,`zodiac`,`constellation`,`bloodtype`,`info`,`characteristic`,`hobby` FROM `zz_member` WHERE ( id= ) LIMIT 1   [ RunTime:0.000821s ]
ERR: 1064:You have an error in your SQL syntax; check the manual that corresponds to your MySQL server version for the right syntax to use near ') LIMIT 1' at line 1
 [ SQL语句 ] : SELECT `nickname`,`sex`,`birthday`,`area`,`hometown`,`education`,`school`,`zodiac`,`constellation`,`bloodtype`,`info`,`characteristic`,`hobby` FROM `zz_member` WHERE ( id= ) LIMIT 1  
NOTIC: [2] Invalid argument supplied for foreach() C:\wamp\www\woniu\Application\Home\Common\CommonController.class.php 第 145 行.
NOTIC: [2] Division by zero C:\wamp\www\woniu\Application\Home\Common\CommonController.class.php 第 152 行.
NOTIC: [8] Undefined index: HTTP_RAW_POST_DATA C:\wamp\www\woniu\Application\Api\Common\CommonController.class.php 第 16 行.
SQL: SHOW COLUMNS FROM `zz_debug` [ RunTime:0.007297s ]
SQL: INSERT INTO `zz_debug` (`controller`,`action`,`get`,`post`,`inputtime`) VALUES ('Member','login','http://127.0.0.8/',null,1478584461) [ RunTime:0.001245s ]
NOTIC: [8] Undefined index: y C:\wamp\www\woniu\Application\Api\Controller\MapController.class.php 第 183 行.
NOTIC: [8] Undefined index: x C:\wamp\www\woniu\Application\Api\Controller\MapController.class.php 第 183 行.
NOTIC: [8] Undefined index: province C:\wamp\www\woniu\Application\Home\Common\CommonController.class.php 第 43 行.
NOTIC: [8] Undefined index: city C:\wamp\www\woniu\Application\Home\Common\CommonController.class.php 第 46 行.
SQL: SHOW COLUMNS FROM `zz_area` [ RunTime:0.007483s ]
SQL: SELECT `name` FROM `zz_area` WHERE ( `id` = null ) LIMIT 1   [ RunTime:0.001094s ]
SQL: SHOW COLUMNS FROM zz_book_room a [ RunTime:0.000809s ]
ERR: 1064:You have an error in your SQL syntax; check the manual that corresponds to your MySQL server version for the right syntax to use near 'a' at line 1
 [ SQL语句 ] : SHOW COLUMNS FROM zz_book_room a
SQL: SELECT b.catid,b.style FROM zz_book_room a left join zz_hostel b on a.hid=b.id  WHERE ( a.uid = null )  [ RunTime:0.001110s ]
SQL: SHOW COLUMNS FROM `zz_hostel` [ RunTime:0.008998s ]
INFO: [ view_parse ] --START--
INFO: [ template_filter ] --START--
INFO: Run Behavior\ContentReplaceBehavior [ RunTime:0.000886s ]
INFO: [ template_filter ] --END-- [ RunTime:0.002161s ]
INFO: Run Behavior\ParseTemplateBehavior [ RunTime:0.040627s ]
INFO: [ view_parse ] --END-- [ RunTime:0.041897s ]
INFO: [ view_filter ] --START--
INFO: Run Behavior\WriteHtmlCacheBehavior [ RunTime:0.001805s ]
INFO: [ view_filter ] --END-- [ RunTime:0.003082s ]
INFO: [ app_end ] --START--
INFO: Run Behavior\ShowPageTraceBehavior [ RunTime:0.001997s ]
INFO: [ app_end ] --END-- [ RunTime:0.003248s ]

[ 2016-11-08T13:54:33+08:00 ] 127.0.0.1 /index.php/Home/Member/login.html
INFO: [ app_init ] --START--
INFO: Run Behavior\BuildLiteBehavior [ RunTime:0.000237s ]
INFO: [ app_init ] --END-- [ RunTime:0.002199s ]
INFO: [ app_begin ] --START--
INFO: Run Behavior\ReadHtmlCacheBehavior [ RunTime:0.001545s ]
INFO: [ app_begin ] --END-- [ RunTime:0.002921s ]
SQL: SHOW COLUMNS FROM `zz_link` [ RunTime:0.009902s ]
SQL: SELECT * FROM `zz_link` WHERE ( catid=1 ) ORDER BY `listorder` desc,`id` desc  [ RunTime:0.001078s ]
SQL: SHOW COLUMNS FROM `zz_config` [ RunTime:0.008445s ]
SQL: SELECT * FROM `zz_config` WHERE ( `groupid` IN ('1','5','6','7','8') )  [ RunTime:0.001809s ]
SQL: SHOW COLUMNS FROM `zz_member` [ RunTime:0.007194s ]
SQL: SELECT `nickname`,`sex`,`birthday`,`area`,`hometown`,`education`,`school`,`zodiac`,`constellation`,`bloodtype`,`info`,`characteristic`,`hobby` FROM `zz_member` WHERE ( id= ) LIMIT 1   [ RunTime:0.000826s ]
ERR: 1064:You have an error in your SQL syntax; check the manual that corresponds to your MySQL server version for the right syntax to use near ') LIMIT 1' at line 1
 [ SQL语句 ] : SELECT `nickname`,`sex`,`birthday`,`area`,`hometown`,`education`,`school`,`zodiac`,`constellation`,`bloodtype`,`info`,`characteristic`,`hobby` FROM `zz_member` WHERE ( id= ) LIMIT 1  
NOTIC: [2] Invalid argument supplied for foreach() C:\wamp\www\woniu\Application\Home\Common\CommonController.class.php 第 145 行.
NOTIC: [2] Division by zero C:\wamp\www\woniu\Application\Home\Common\CommonController.class.php 第 152 行.
NOTIC: [8] Undefined index: HTTP_RAW_POST_DATA C:\wamp\www\woniu\Application\Api\Common\CommonController.class.php 第 16 行.
SQL: SHOW COLUMNS FROM `zz_debug` [ RunTime:0.007624s ]
SQL: INSERT INTO `zz_debug` (`controller`,`action`,`get`,`post`,`inputtime`) VALUES ('Member','login','http://127.0.0.8/index.php/Home/Member/login.html',null,1478584473) [ RunTime:0.001021s ]
NOTIC: [8] Undefined index: y C:\wamp\www\woniu\Application\Api\Controller\MapController.class.php 第 183 行.
NOTIC: [8] Undefined index: x C:\wamp\www\woniu\Application\Api\Controller\MapController.class.php 第 183 行.
NOTIC: [8] Undefined index: province C:\wamp\www\woniu\Application\Home\Common\CommonController.class.php 第 43 行.
NOTIC: [8] Undefined index: city C:\wamp\www\woniu\Application\Home\Common\CommonController.class.php 第 46 行.
SQL: SHOW COLUMNS FROM `zz_area` [ RunTime:0.012067s ]
SQL: SELECT `name` FROM `zz_area` WHERE ( `id` = null ) LIMIT 1   [ RunTime:0.002804s ]
SQL: SHOW COLUMNS FROM zz_book_room a [ RunTime:0.000666s ]
ERR: 1064:You have an error in your SQL syntax; check the manual that corresponds to your MySQL server version for the right syntax to use near 'a' at line 1
 [ SQL语句 ] : SHOW COLUMNS FROM zz_book_room a
SQL: SELECT b.catid,b.style FROM zz_book_room a left join zz_hostel b on a.hid=b.id  WHERE ( a.uid = null )  [ RunTime:0.001430s ]
SQL: SHOW COLUMNS FROM `zz_hostel` [ RunTime:0.007694s ]
NOTIC: [8] Undefined index: autotype C:\wamp\www\woniu\Application\Home\Controller\MemberController.class.php 第 438 行.
SQL: SHOW COLUMNS FROM `zz_member` [ RunTime:0.008375s ]
SQL: SHOW COLUMNS FROM `zz_member` [ RunTime:0.010570s ]
SQL: SELECT * FROM `zz_member` WHERE ( (`username` = '15225071509') OR (`phone` = '15225071509') ) LIMIT 1   [ RunTime:0.002980s ]
SQL: SHOW COLUMNS FROM `zz_member` [ RunTime:0.012053s ]
SQL: UPDATE `zz_member` SET `lastlogin_time`=1478584473,`login_num`=102,`lastlogin_ip`='127.0.0.1' WHERE ( `id` = 39 ) [ RunTime:0.004755s ]

[ 2016-11-08T13:54:37+08:00 ] 127.0.0.1 /index.php/Home/Member/index.html
INFO: [ app_init ] --START--
INFO: Run Behavior\BuildLiteBehavior [ RunTime:0.000241s ]
INFO: [ app_init ] --END-- [ RunTime:0.003712s ]
INFO: [ app_begin ] --START--
INFO: Run Behavior\ReadHtmlCacheBehavior [ RunTime:0.004049s ]
INFO: [ app_begin ] --END-- [ RunTime:0.006096s ]
SQL: SHOW COLUMNS FROM `zz_link` [ RunTime:0.008519s ]
SQL: SELECT * FROM `zz_link` WHERE ( catid=1 ) ORDER BY `listorder` desc,`id` desc  [ RunTime:0.001145s ]
SQL: SHOW COLUMNS FROM `zz_config` [ RunTime:0.010963s ]
SQL: SELECT * FROM `zz_config` WHERE ( `groupid` IN ('1','5','6','7','8') )  [ RunTime:0.001725s ]
SQL: SHOW COLUMNS FROM `zz_member` [ RunTime:0.007309s ]
SQL: SELECT * FROM `zz_member` WHERE ( id=39 ) LIMIT 1   [ RunTime:0.001111s ]
SQL: SHOW COLUMNS FROM `zz_alipayaccount` [ RunTime:0.013497s ]
SQL: SELECT `alipayaccount` FROM `zz_alipayaccount` WHERE ( `uid` = 39 ) LIMIT 1   [ RunTime:0.001190s ]
SQL: SHOW COLUMNS FROM `zz_realname_apply` [ RunTime:0.010355s ]
NOTIC: [8] Undefined variable: uid C:\wamp\www\woniu\Application\Home\Common\CommonController.class.php 第 111 行.
SQL: SELECT * FROM `zz_realname_apply` WHERE ( `uid` = null ) LIMIT 1   [ RunTime:0.001732s ]
SQL: SHOW COLUMNS FROM `zz_houserowner_apply` [ RunTime:0.007443s ]
ERR: 1146:Table 'woniu.zz_houserowner_apply' doesn't exist
 [ SQL语句 ] : SHOW COLUMNS FROM `zz_houserowner_apply`
NOTIC: [8] Undefined variable: uid C:\wamp\www\woniu\Application\Home\Common\CommonController.class.php 第 117 行.
SQL: SELECT * FROM `zz_houserowner_apply` WHERE ( `uid` = null ) LIMIT 1   [ RunTime:0.001517s ]
ERR: 1146:Table 'woniu.zz_houserowner_apply' doesn't exist
 [ SQL语句 ] : SELECT * FROM `zz_houserowner_apply` WHERE ( `uid` = null ) LIMIT 1  
SQL: SHOW COLUMNS FROM `zz_integral` [ RunTime:0.012078s ]
SQL: SELECT `useintegral` FROM `zz_integral` WHERE ( uid=39 ) LIMIT 1   [ RunTime:0.001352s ]
SQL: SHOW COLUMNS FROM `zz_order` [ RunTime:0.013515s ]
SQL: SELECT COUNT(*) AS tp_count FROM `zz_order` WHERE ( uid=39 ) LIMIT 1   [ RunTime:0.002977s ]
SQL: SHOW COLUMNS FROM `zz_attention` [ RunTime:0.009846s ]
SQL: SELECT COUNT(*) AS tp_count FROM `zz_attention` WHERE ( tuid=39 ) LIMIT 1   [ RunTime:0.001323s ]
SQL: SELECT COUNT(*) AS tp_count FROM `zz_attention` WHERE ( fuid=39 ) LIMIT 1   [ RunTime:0.000946s ]
SQL: SHOW COLUMNS FROM zz_view a [ RunTime:0.001390s ]
ERR: 1064:You have an error in your SQL syntax; check the manual that corresponds to your MySQL server version for the right syntax to use near 'a' at line 1
 [ SQL语句 ] : SHOW COLUMNS FROM zz_view a
SQL: SELECT a.fuid as uid,b.nickname,b.head FROM zz_view a left join zz_member b on a.fuid=b.id  WHERE ( a.tuid=39 ) GROUP BY fuid LIMIT 6   [ RunTime:0.004602s ]
SQL: SHOW COLUMNS FROM zz_attention a [ RunTime:0.000767s ]
ERR: 1064:You have an error in your SQL syntax; check the manual that corresponds to your MySQL server version for the right syntax to use near 'a' at line 1
 [ SQL语句 ] : SHOW COLUMNS FROM zz_attention a
SQL: SELECT a.fuid as uid,b.nickname,b.head FROM zz_attention a left join zz_member b on a.fuid=b.id  WHERE ( tuid=39 ) LIMIT 6   [ RunTime:0.001464s ]
SQL: SHOW COLUMNS FROM `zz_activity` [ RunTime:0.009640s ]
SQL: SELECT COUNT(*) AS tp_count FROM `zz_activity` WHERE ( `isdel` = 0 ) AND ( `status` = 2 ) AND ( `uid` = 39 ) LIMIT 1   [ RunTime:0.004823s ]
SQL: SELECT COUNT(*) AS tp_count FROM `zz_order` WHERE ( `uid` = 39 ) LIMIT 1   [ RunTime:0.001212s ]
SQL: SHOW COLUMNS FROM `zz_review` [ RunTime:0.009419s ]
SQL: SELECT COUNT(*) AS tp_count FROM `zz_review` WHERE ( `isdel` = 0 ) AND ( `uid` = 39 ) LIMIT 1   [ RunTime:0.001900s ]
SQL: SHOW COLUMNS FROM `zz_note` [ RunTime:0.008092s ]
SQL: SELECT COUNT(*) AS tp_count FROM `zz_note` WHERE ( `isdel` = 0 ) AND ( `status` = 2 ) AND ( `uid` = 39 ) LIMIT 1   [ RunTime:0.002922s ]
SQL: SHOW COLUMNS FROM `zz_hostel` [ RunTime:0.007305s ]
SQL: SELECT COUNT(*) AS tp_count FROM `zz_hostel` WHERE ( `isdel` = 0 ) AND ( `status` = 2 ) AND ( `uid` = 39 ) LIMIT 1   [ RunTime:0.001740s ]
SQL: SHOW COLUMNS FROM `zz_member` [ RunTime:0.007220s ]
SQL: SELECT `nickname`,`sex`,`birthday`,`area`,`hometown`,`education`,`school`,`zodiac`,`constellation`,`bloodtype`,`info`,`characteristic`,`hobby` FROM `zz_member` WHERE ( id=39 ) LIMIT 1   [ RunTime:0.003337s ]
NOTIC: [8] Undefined index: HTTP_RAW_POST_DATA C:\wamp\www\woniu\Application\Api\Common\CommonController.class.php 第 16 行.
SQL: SHOW COLUMNS FROM `zz_debug` [ RunTime:0.006459s ]
SQL: INSERT INTO `zz_debug` (`controller`,`action`,`get`,`post`,`inputtime`) VALUES ('Member','index','http://127.0.0.8/index.php/Home/Member/login.html',null,1478584475) [ RunTime:0.001041s ]
NOTIC: [8] Undefined index: y C:\wamp\www\woniu\Application\Api\Controller\MapController.class.php 第 183 行.
NOTIC: [8] Undefined index: x C:\wamp\www\woniu\Application\Api\Controller\MapController.class.php 第 183 行.
NOTIC: [8] Undefined index: province C:\wamp\www\woniu\Application\Home\Common\CommonController.class.php 第 43 行.
NOTIC: [8] Undefined index: city C:\wamp\www\woniu\Application\Home\Common\CommonController.class.php 第 46 行.
SQL: SHOW COLUMNS FROM `zz_area` [ RunTime:0.007007s ]
SQL: SELECT `name` FROM `zz_area` WHERE ( `id` = null ) LIMIT 1   [ RunTime:0.000871s ]
SQL: SHOW COLUMNS FROM `zz_message` [ RunTime:0.010109s ]
SQL: SELECT COUNT(*) AS tp_count FROM `zz_message` WHERE ( `r_id` = 39 ) AND ( `isdel` = 0 ) AND ( `status` = 0 ) LIMIT 1   [ RunTime:0.002736s ]
SQL: SHOW COLUMNS FROM zz_book_room a [ RunTime:0.000783s ]
ERR: 1064:You have an error in your SQL syntax; check the manual that corresponds to your MySQL server version for the right syntax to use near 'a' at line 1
 [ SQL语句 ] : SHOW COLUMNS FROM zz_book_room a
SQL: SELECT b.catid,b.style FROM zz_book_room a left join zz_hostel b on a.hid=b.id  WHERE ( a.uid = '39' )  [ RunTime:0.001637s ]
SQL: SHOW COLUMNS FROM `zz_hostel` [ RunTime:0.007191s ]
SQL: SHOW COLUMNS FROM zz_hostel a [ RunTime:0.001401s ]
ERR: 1064:You have an error in your SQL syntax; check the manual that corresponds to your MySQL server version for the right syntax to use near 'a' at line 1
 [ SQL语句 ] : SHOW COLUMNS FROM zz_hostel a
SQL: SELECT a.id,a.title,a.thumb,a.money,a.area,a.address,a.lat,a.lng,a.hit,a.support,a.score as evaluation,a.scorepercent as evaluationpercent,a.uid,b.nickname,b.head,b.rongyun_token,a.type,a.inputtime,c.reviewnum FROM zz_hostel a left join zz_member b on a.uid=b.id left join ( SELECT `value`,count(value) as reviewnum FROM `zz_review` WHERE ( `isdel` = 0 ) AND ( `varname` = 'hostel' ) GROUP BY value  ) c on a.id=c.value  WHERE ( a.isdel = 0 ) AND ( a.status = 2 ) AND ( a.uid = '39' ) ORDER BY a.id desc  [ RunTime:0.002145s ]
SQL: SHOW COLUMNS FROM zz_activity a [ RunTime:0.000863s ]
ERR: 1064:You have an error in your SQL syntax; check the manual that corresponds to your MySQL server version for the right syntax to use near 'a' at line 1
 [ SQL语句 ] : SHOW COLUMNS FROM zz_activity a
SQL: SELECT a.id,a.title,a.thumb,a.money,a.address,a.status,a.uid,a.starttime,a.endtime,a.inputtime FROM zz_activity a left join zz_member b on a.uid=b.id  WHERE ( a.isdel = 0 ) AND ( a.status = 2 ) AND ( a.uid = '39' ) ORDER BY `id` desc LIMIT 2   [ RunTime:0.001350s ]
NOTIC: [2] Invalid argument supplied for foreach() C:\wamp\www\woniu\Application\Home\Controller\MemberController.class.php 第 65 行.
SQL: SHOW COLUMNS FROM zz_review a [ RunTime:0.000713s ]
ERR: 1064:You have an error in your SQL syntax; check the manual that corresponds to your MySQL server version for the right syntax to use near 'a' at line 1
 [ SQL语句 ] : SHOW COLUMNS FROM zz_review a
SQL: SELECT a.id as rid,a.value,a.varname,a.content,a.inputtime,a.uid,b.nickname,b.head,b.rongyun_token FROM zz_review a left join zz_member b on a.uid=b.id  WHERE ( a.uid = '39' ) AND ( a.isdel = 0 ) ORDER BY a.id desc LIMIT 4   [ RunTime:0.001452s ]
SQL: SHOW COLUMNS FROM `zz_trip` [ RunTime:0.010154s ]
SQL: SELECT `title` FROM `zz_trip` WHERE ( `id` = 36 ) LIMIT 1   [ RunTime:0.001316s ]
SQL: SELECT `title` FROM `zz_trip` WHERE ( `id` = 18 ) LIMIT 1   [ RunTime:0.001095s ]
SQL: SELECT `title` FROM `zz_note` WHERE ( `id` = 110 ) LIMIT 1   [ RunTime:0.000981s ]
SQL: SELECT `title` FROM `zz_note` WHERE ( `id` = 110 ) LIMIT 1   [ RunTime:0.000944s ]
SQL: SHOW COLUMNS FROM zz_note a [ RunTime:0.000801s ]
ERR: 1064:You have an error in your SQL syntax; check the manual that corresponds to your MySQL server version for the right syntax to use near 'a' at line 1
 [ SQL语句 ] : SHOW COLUMNS FROM zz_note a
SQL: SELECT a.id,a.title,a.thumb,a.description,a.content,a.area,a.address,a.lat,a.lng,a.hit,a.begintime,a.status,a.uid,b.nickname,b.head,b.rongyun_token,a.inputtime,c.reviewnum FROM zz_note a left join zz_member b on a.uid=b.id left join ( SELECT `value`,count(value) as reviewnum FROM `zz_review` WHERE ( `isdel` = 0 ) AND ( `varname` = 'note' ) GROUP BY value  ) c on a.id=c.value  WHERE ( a.uid = '39' ) AND ( a.status = 2 ) AND ( a.isdel = 0 ) ORDER BY a.id desc LIMIT 2   [ RunTime:0.003181s ]
SQL: SHOW COLUMNS FROM zz_order a [ RunTime:0.000912s ]
ERR: 1064:You have an error in your SQL syntax; check the manual that corresponds to your MySQL server version for the right syntax to use near 'a' at line 1
 [ SQL语句 ] : SHOW COLUMNS FROM zz_order a
SQL: SELECT a.uid,a.orderid,a.discount,a.money,a.total,a.inputtime,a.paytype,c.status,c.pay_status,c.evaluate_status,c.refund_status,a.ordertype,c.donetime,c.review_remark,d.endtime,f.remark as refundreview_remark FROM zz_order a left join zz_order_time c on a.orderid=c.orderid left join zz_book_room d on a.orderid=d.orderid left join zz_hostel e on d.hid=e.id left join zz_refund_apply f on a.orderid=f.orderid  WHERE ( (a.uid = '39') OR (e.uid = '39') ) AND ( a.ordertype = 1 ) ORDER BY a.inputtime desc LIMIT 4   [ RunTime:0.044881s ]
SQL: SELECT a.rid,b.id as hid,b.thumb,b.title,b.money,a.starttime,a.endtime FROM zz_book_room a left join zz_room c on a.rid=c.id left join zz_hostel b on c.hid=b.id  WHERE ( a.orderid = 'hc20160822180340978' ) LIMIT 1   [ RunTime:0.005077s ]
SQL: SELECT a.rid,b.id as hid,b.thumb,b.title,b.money,a.starttime,a.endtime FROM zz_book_room a left join zz_room c on a.rid=c.id left join zz_hostel b on c.hid=b.id  WHERE ( a.orderid = 'hc20160818145001319' ) LIMIT 1   [ RunTime:0.001648s ]
SQL: SELECT a.rid,b.id as hid,b.thumb,b.title,b.money,a.starttime,a.endtime FROM zz_book_room a left join zz_room c on a.rid=c.id left join zz_hostel b on c.hid=b.id  WHERE ( a.orderid = 'hc20160818144549220' ) LIMIT 1   [ RunTime:0.001197s ]
SQL: SELECT a.rid,b.id as hid,b.thumb,b.title,b.money,a.starttime,a.endtime FROM zz_book_room a left join zz_room c on a.rid=c.id left join zz_hostel b on c.hid=b.id  WHERE ( a.orderid = 'hc20160813111441927' ) LIMIT 1   [ RunTime:0.001197s ]
SQL: SELECT a.uid,a.orderid,a.discount,a.money,a.total,a.inputtime,a.paytype,c.status,c.pay_status,c.evaluate_status,c.refund_status,a.ordertype,c.donetime,e.endtime,f.remark as refundreview_remark FROM zz_order a left join zz_order_time c on a.orderid=c.orderid left join zz_activity_apply d on a.orderid=d.orderid left join zz_activity e on d.aid=e.id left join zz_refund_apply f on a.orderid=f.orderid  WHERE ( (a.uid = '39') OR (e.uid = '39') ) AND ( a.ordertype = 2 ) ORDER BY a.inputtime desc LIMIT 4   [ RunTime:0.066640s ]
SQL: SHOW COLUMNS FROM zz_activity_apply a [ RunTime:0.000895s ]
ERR: 1064:You have an error in your SQL syntax; check the manual that corresponds to your MySQL server version for the right syntax to use near 'a' at line 1
 [ SQL语句 ] : SHOW COLUMNS FROM zz_activity_apply a
SQL: SELECT a.aid,b.thumb,b.title,b.money,b.isfree,b.starttime,b.endtime FROM zz_activity_apply a left join zz_activity b on a.aid=b.id  WHERE ( a.orderid = 'ac20160823152214349' ) LIMIT 1   [ RunTime:0.001260s ]
SQL: SELECT a.aid,b.thumb,b.title,b.money,b.isfree,b.starttime,b.endtime FROM zz_activity_apply a left join zz_activity b on a.aid=b.id  WHERE ( a.orderid = 'ac20160813145935759' ) LIMIT 1   [ RunTime:0.001192s ]
SQL: SELECT a.aid,b.thumb,b.title,b.money,b.isfree,b.starttime,b.endtime FROM zz_activity_apply a left join zz_activity b on a.aid=b.id  WHERE ( a.orderid = 'ac20160813145330674' ) LIMIT 1   [ RunTime:0.001543s ]
SQL: SELECT a.aid,b.thumb,b.title,b.money,b.isfree,b.starttime,b.endtime FROM zz_activity_apply a left join zz_activity b on a.aid=b.id  WHERE ( a.orderid = 'ac20160813144930805' ) LIMIT 1   [ RunTime:0.001312s ]
INFO: [ view_parse ] --START--
INFO: [ template_filter ] --START--
INFO: Run Behavior\ContentReplaceBehavior [ RunTime:0.001634s ]
INFO: [ template_filter ] --END-- [ RunTime:0.003764s ]
NOTIC: [8] Undefined variable: arrparentid C:\wamp\www\woniu\Runtime\Cache\Home\7480a00ead7585da80942d2352ad9fc4.php 第 113 行.
SQL: SELECT `name` FROM `zz_area` WHERE ( id=3 ) LIMIT 1   [ RunTime:0.000887s ]
SQL: SELECT `name` FROM `zz_area` WHERE ( id=58 ) LIMIT 1   [ RunTime:0.000999s ]
SQL: SELECT `name` FROM `zz_area` WHERE ( id=3 ) LIMIT 1   [ RunTime:0.000967s ]
SQL: SELECT `name` FROM `zz_area` WHERE ( id=58 ) LIMIT 1   [ RunTime:0.001010s ]
SQL: SELECT `name` FROM `zz_area` WHERE ( id=3 ) LIMIT 1   [ RunTime:0.000969s ]
SQL: SELECT `name` FROM `zz_area` WHERE ( id=58 ) LIMIT 1   [ RunTime:0.000922s ]
SQL: SELECT `name` FROM `zz_area` WHERE ( id=3 ) LIMIT 1   [ RunTime:0.000972s ]
SQL: SELECT `name` FROM `zz_area` WHERE ( id=58 ) LIMIT 1   [ RunTime:0.000941s ]
SQL: SELECT `name` FROM `zz_area` WHERE ( id=3 ) LIMIT 1   [ RunTime:0.000971s ]
SQL: SELECT `name` FROM `zz_area` WHERE ( id=58 ) LIMIT 1   [ RunTime:0.000963s ]
SQL: SELECT `name` FROM `zz_area` WHERE ( id=3 ) LIMIT 1   [ RunTime:0.001016s ]
SQL: SELECT `name` FROM `zz_area` WHERE ( id=58 ) LIMIT 1   [ RunTime:0.001154s ]
SQL: SELECT `name` FROM `zz_area` WHERE ( id=3 ) LIMIT 1   [ RunTime:0.000972s ]
SQL: SELECT `name` FROM `zz_area` WHERE ( id=58 ) LIMIT 1   [ RunTime:0.001707s ]
NOTIC: [8] Undefined index: area C:\wamp\www\woniu\Runtime\Cache\Home\7480a00ead7585da80942d2352ad9fc4.php 第 671 行.
SQL: SELECT `name` FROM `zz_area` WHERE ( id= ) LIMIT 1   [ RunTime:0.000800s ]
ERR: 1064:You have an error in your SQL syntax; check the manual that corresponds to your MySQL server version for the right syntax to use near ') LIMIT 1' at line 1
 [ SQL语句 ] : SELECT `name` FROM `zz_area` WHERE ( id= ) LIMIT 1  
NOTIC: [8] Undefined index: address C:\wamp\www\woniu\Runtime\Cache\Home\7480a00ead7585da80942d2352ad9fc4.php 第 671 行.
NOTIC: [8] Undefined index: area C:\wamp\www\woniu\Runtime\Cache\Home\7480a00ead7585da80942d2352ad9fc4.php 第 671 行.
SQL: SELECT `name` FROM `zz_area` WHERE ( id= ) LIMIT 1   [ RunTime:0.000905s ]
ERR: 1064:You have an error in your SQL syntax; check the manual that corresponds to your MySQL server version for the right syntax to use near ') LIMIT 1' at line 1
 [ SQL语句 ] : SELECT `name` FROM `zz_area` WHERE ( id= ) LIMIT 1  
NOTIC: [8] Undefined index: address C:\wamp\www\woniu\Runtime\Cache\Home\7480a00ead7585da80942d2352ad9fc4.php 第 671 行.
NOTIC: [8] Undefined index: area C:\wamp\www\woniu\Runtime\Cache\Home\7480a00ead7585da80942d2352ad9fc4.php 第 671 行.
SQL: SELECT `name` FROM `zz_area` WHERE ( id= ) LIMIT 1   [ RunTime:0.000999s ]
ERR: 1064:You have an error in your SQL syntax; check the manual that corresponds to your MySQL server version for the right syntax to use near ') LIMIT 1' at line 1
 [ SQL语句 ] : SELECT `name` FROM `zz_area` WHERE ( id= ) LIMIT 1  
NOTIC: [8] Undefined index: address C:\wamp\www\woniu\Runtime\Cache\Home\7480a00ead7585da80942d2352ad9fc4.php 第 671 行.
NOTIC: [8] Undefined index: area C:\wamp\www\woniu\Runtime\Cache\Home\7480a00ead7585da80942d2352ad9fc4.php 第 671 行.
SQL: SELECT `name` FROM `zz_area` WHERE ( id= ) LIMIT 1   [ RunTime:0.000824s ]
ERR: 1064:You have an error in your SQL syntax; check the manual that corresponds to your MySQL server version for the right syntax to use near ') LIMIT 1' at line 1
 [ SQL语句 ] : SELECT `name` FROM `zz_area` WHERE ( id= ) LIMIT 1  
NOTIC: [8] Undefined index: address C:\wamp\www\woniu\Runtime\Cache\Home\7480a00ead7585da80942d2352ad9fc4.php 第 671 行.
NOTIC: [8] Undefined index: id C:\wamp\www\woniu\Runtime\Cache\Home\7480a00ead7585da80942d2352ad9fc4.php 第 757 行.
NOTIC: [8] Undefined index: id C:\wamp\www\woniu\Runtime\Cache\Home\7480a00ead7585da80942d2352ad9fc4.php 第 757 行.
NOTIC: [8] Undefined index: id C:\wamp\www\woniu\Runtime\Cache\Home\7480a00ead7585da80942d2352ad9fc4.php 第 730 行.
NOTIC: [8] Undefined index: id C:\wamp\www\woniu\Runtime\Cache\Home\7480a00ead7585da80942d2352ad9fc4.php 第 730 行.
INFO: Run Behavior\ParseTemplateBehavior [ RunTime:0.947451s ]
INFO: [ view_parse ] --END-- [ RunTime:0.948872s ]
INFO: [ view_filter ] --START--
INFO: Run Behavior\WriteHtmlCacheBehavior [ RunTime:0.001436s ]
INFO: [ view_filter ] --END-- [ RunTime:0.003678s ]
INFO: [ app_end ] --START--
INFO: Run Behavior\ShowPageTraceBehavior [ RunTime:0.002152s ]
INFO: [ app_end ] --END-- [ RunTime:0.003593s ]

[ 2016-11-08T13:54:42+08:00 ] 127.0.0.1 /index.php/Home/Public/getareachildren.html?id=0
INFO: [ app_init ] --START--
INFO: Run Behavior\BuildLiteBehavior [ RunTime:0.000248s ]
INFO: [ app_init ] --END-- [ RunTime:0.002251s ]
INFO: [ app_begin ] --START--
INFO: Run Behavior\ReadHtmlCacheBehavior [ RunTime:0.001491s ]
INFO: [ app_begin ] --END-- [ RunTime:0.002482s ]
NOTIC: [8] Undefined index: uid C:\wamp\www\woniu\Application\Home\Controller\PublicController.class.php 第 30 行.
SQL: SHOW COLUMNS FROM `zz_area` [ RunTime:0.007127s ]
INFO: [ app_end ] --START--
INFO: Run Behavior\ShowPageTraceBehavior [ RunTime:0.002093s ]
INFO: [ app_end ] --END-- [ RunTime:0.003461s ]

[ 2016-11-08T13:54:46+08:00 ] 127.0.0.1 /index.php/Home/Woniu/get_user_info.html
INFO: [ app_init ] --START--
INFO: Run Behavior\BuildLiteBehavior [ RunTime:0.000238s ]
INFO: [ app_init ] --END-- [ RunTime:0.002304s ]
INFO: [ app_begin ] --START--
INFO: Run Behavior\ReadHtmlCacheBehavior [ RunTime:0.001809s ]
INFO: [ app_begin ] --END-- [ RunTime:0.002793s ]
NOTIC: [2048] Declaration of Home\Controller\WoniuController::show() should be compatible with Think\Controller::show($content, $charset = '', $contentType = '', $prefix = '') C:\wamp\www\woniu\Application\Home\Controller\WoniuController.class.php 第 5 行.
SQL: SHOW COLUMNS FROM `zz_link` [ RunTime:0.006564s ]
SQL: SELECT * FROM `zz_link` WHERE ( catid=1 ) ORDER BY `listorder` desc,`id` desc  [ RunTime:0.001054s ]
SQL: SHOW COLUMNS FROM `zz_config` [ RunTime:0.006888s ]
SQL: SELECT * FROM `zz_config` WHERE ( `groupid` IN ('1','5','6','7','8') )  [ RunTime:0.001774s ]
SQL: SHOW COLUMNS FROM `zz_member` [ RunTime:0.007069s ]
SQL: SELECT * FROM `zz_member` WHERE ( id=39 ) LIMIT 1   [ RunTime:0.001121s ]
SQL: SHOW COLUMNS FROM `zz_alipayaccount` [ RunTime:0.006335s ]
SQL: SELECT `alipayaccount` FROM `zz_alipayaccount` WHERE ( `uid` = 39 ) LIMIT 1   [ RunTime:0.000923s ]
SQL: SHOW COLUMNS FROM `zz_realname_apply` [ RunTime:0.007297s ]
NOTIC: [8] Undefined variable: uid C:\wamp\www\woniu\Application\Home\Common\CommonController.class.php 第 111 行.
SQL: SELECT * FROM `zz_realname_apply` WHERE ( `uid` = null ) LIMIT 1   [ RunTime:0.000980s ]
SQL: SHOW COLUMNS FROM `zz_houserowner_apply` [ RunTime:0.005879s ]
ERR: 1146:Table 'woniu.zz_houserowner_apply' doesn't exist
 [ SQL语句 ] : SHOW COLUMNS FROM `zz_houserowner_apply`
NOTIC: [8] Undefined variable: uid C:\wamp\www\woniu\Application\Home\Common\CommonController.class.php 第 117 行.
SQL: SELECT * FROM `zz_houserowner_apply` WHERE ( `uid` = null ) LIMIT 1   [ RunTime:0.001268s ]
ERR: 1146:Table 'woniu.zz_houserowner_apply' doesn't exist
 [ SQL语句 ] : SELECT * FROM `zz_houserowner_apply` WHERE ( `uid` = null ) LIMIT 1  
SQL: SHOW COLUMNS FROM `zz_integral` [ RunTime:0.006488s ]
SQL: SELECT `useintegral` FROM `zz_integral` WHERE ( uid=39 ) LIMIT 1   [ RunTime:0.001012s ]
SQL: SHOW COLUMNS FROM `zz_order` [ RunTime:0.008579s ]
SQL: SELECT COUNT(*) AS tp_count FROM `zz_order` WHERE ( uid=39 ) LIMIT 1   [ RunTime:0.001230s ]
SQL: SHOW COLUMNS FROM `zz_attention` [ RunTime:0.008763s ]
SQL: SELECT COUNT(*) AS tp_count FROM `zz_attention` WHERE ( tuid=39 ) LIMIT 1   [ RunTime:0.000980s ]
SQL: SELECT COUNT(*) AS tp_count FROM `zz_attention` WHERE ( fuid=39 ) LIMIT 1   [ RunTime:0.001000s ]
SQL: SHOW COLUMNS FROM zz_view a [ RunTime:0.000779s ]
ERR: 1064:You have an error in your SQL syntax; check the manual that corresponds to your MySQL server version for the right syntax to use near 'a' at line 1
 [ SQL语句 ] : SHOW COLUMNS FROM zz_view a
SQL: SELECT a.fuid as uid,b.nickname,b.head FROM zz_view a left join zz_member b on a.fuid=b.id  WHERE ( a.tuid=39 ) GROUP BY fuid LIMIT 6   [ RunTime:0.001334s ]
SQL: SHOW COLUMNS FROM zz_attention a [ RunTime:0.000791s ]
ERR: 1064:You have an error in your SQL syntax; check the manual that corresponds to your MySQL server version for the right syntax to use near 'a' at line 1
 [ SQL语句 ] : SHOW COLUMNS FROM zz_attention a
SQL: SELECT a.fuid as uid,b.nickname,b.head FROM zz_attention a left join zz_member b on a.fuid=b.id  WHERE ( tuid=39 ) LIMIT 6   [ RunTime:0.001107s ]
SQL: SHOW COLUMNS FROM `zz_activity` [ RunTime:0.009292s ]
SQL: SELECT COUNT(*) AS tp_count FROM `zz_activity` WHERE ( `isdel` = 0 ) AND ( `status` = 2 ) AND ( `uid` = 39 ) LIMIT 1   [ RunTime:0.005096s ]
SQL: SELECT COUNT(*) AS tp_count FROM `zz_order` WHERE ( `uid` = 39 ) LIMIT 1   [ RunTime:0.001649s ]
SQL: SHOW COLUMNS FROM `zz_review` [ RunTime:0.006663s ]
SQL: SELECT COUNT(*) AS tp_count FROM `zz_review` WHERE ( `isdel` = 0 ) AND ( `uid` = 39 ) LIMIT 1   [ RunTime:0.001828s ]
SQL: SHOW COLUMNS FROM `zz_note` [ RunTime:0.007021s ]
SQL: SELECT COUNT(*) AS tp_count FROM `zz_note` WHERE ( `isdel` = 0 ) AND ( `status` = 2 ) AND ( `uid` = 39 ) LIMIT 1   [ RunTime:0.001500s ]
SQL: SHOW COLUMNS FROM `zz_hostel` [ RunTime:0.006658s ]
SQL: SELECT COUNT(*) AS tp_count FROM `zz_hostel` WHERE ( `isdel` = 0 ) AND ( `status` = 2 ) AND ( `uid` = 39 ) LIMIT 1   [ RunTime:0.001237s ]
SQL: SHOW COLUMNS FROM `zz_member` [ RunTime:0.007007s ]
SQL: SELECT `nickname`,`sex`,`birthday`,`area`,`hometown`,`education`,`school`,`zodiac`,`constellation`,`bloodtype`,`info`,`characteristic`,`hobby` FROM `zz_member` WHERE ( id=39 ) LIMIT 1   [ RunTime:0.001116s ]
NOTIC: [8] Undefined index: HTTP_RAW_POST_DATA C:\wamp\www\woniu\Application\Api\Common\CommonController.class.php 第 16 行.
SQL: SHOW COLUMNS FROM `zz_debug` [ RunTime:0.006647s ]
SQL: INSERT INTO `zz_debug` (`controller`,`action`,`get`,`post`,`inputtime`) VALUES ('Woniu','get_user_info','http://127.0.0.8/index.php/Home/Member/index.html',null,1478584485) [ RunTime:0.001036s ]
NOTIC: [8] Undefined index: y C:\wamp\www\woniu\Application\Api\Controller\MapController.class.php 第 183 行.
NOTIC: [8] Undefined index: x C:\wamp\www\woniu\Application\Api\Controller\MapController.class.php 第 183 行.
NOTIC: [8] Undefined index: province C:\wamp\www\woniu\Application\Home\Common\CommonController.class.php 第 43 行.
NOTIC: [8] Undefined index: city C:\wamp\www\woniu\Application\Home\Common\CommonController.class.php 第 46 行.
SQL: SHOW COLUMNS FROM `zz_area` [ RunTime:0.007064s ]
SQL: SELECT `name` FROM `zz_area` WHERE ( `id` = null ) LIMIT 1   [ RunTime:0.000825s ]
SQL: SHOW COLUMNS FROM `zz_message` [ RunTime:0.006422s ]
SQL: SELECT COUNT(*) AS tp_count FROM `zz_message` WHERE ( `r_id` = 39 ) AND ( `isdel` = 0 ) AND ( `status` = 0 ) LIMIT 1   [ RunTime:0.001575s ]
SQL: SELECT `id`,`nickname`,`head`,`rongyun_token` FROM `zz_member` WHERE ( `id` IN ('undefined','89','23','84','44','96') )  [ RunTime:0.001248s ]

[ 2016-11-08T13:55:07+08:00 ] 127.0.0.1 /index.php/Home/Member/detail/uid/123.html
INFO: [ app_init ] --START--
INFO: Run Behavior\BuildLiteBehavior [ RunTime:0.000244s ]
INFO: [ app_init ] --END-- [ RunTime:0.003001s ]
INFO: [ app_begin ] --START--
INFO: Run Behavior\ReadHtmlCacheBehavior [ RunTime:0.003743s ]
INFO: [ app_begin ] --END-- [ RunTime:0.005570s ]
SQL: SHOW COLUMNS FROM `zz_link` [ RunTime:0.007653s ]
SQL: SELECT * FROM `zz_link` WHERE ( catid=1 ) ORDER BY `listorder` desc,`id` desc  [ RunTime:0.001100s ]
SQL: SHOW COLUMNS FROM `zz_config` [ RunTime:0.008434s ]
SQL: SELECT * FROM `zz_config` WHERE ( `groupid` IN ('1','5','6','7','8') )  [ RunTime:0.001894s ]
SQL: SHOW COLUMNS FROM `zz_member` [ RunTime:0.007379s ]
SQL: SELECT * FROM `zz_member` WHERE ( id=39 ) LIMIT 1   [ RunTime:0.001121s ]
SQL: SHOW COLUMNS FROM `zz_alipayaccount` [ RunTime:0.006966s ]
SQL: SELECT `alipayaccount` FROM `zz_alipayaccount` WHERE ( `uid` = 39 ) LIMIT 1   [ RunTime:0.000959s ]
SQL: SHOW COLUMNS FROM `zz_realname_apply` [ RunTime:0.009489s ]
NOTIC: [8] Undefined variable: uid C:\wamp\www\woniu\Application\Home\Common\CommonController.class.php 第 111 行.
SQL: SELECT * FROM `zz_realname_apply` WHERE ( `uid` = null ) LIMIT 1   [ RunTime:0.001048s ]
SQL: SHOW COLUMNS FROM `zz_houserowner_apply` [ RunTime:0.009397s ]
ERR: 1146:Table 'woniu.zz_houserowner_apply' doesn't exist
 [ SQL语句 ] : SHOW COLUMNS FROM `zz_houserowner_apply`
NOTIC: [8] Undefined variable: uid C:\wamp\www\woniu\Application\Home\Common\CommonController.class.php 第 117 行.
SQL: SELECT * FROM `zz_houserowner_apply` WHERE ( `uid` = null ) LIMIT 1   [ RunTime:0.001393s ]
ERR: 1146:Table 'woniu.zz_houserowner_apply' doesn't exist
 [ SQL语句 ] : SELECT * FROM `zz_houserowner_apply` WHERE ( `uid` = null ) LIMIT 1  
SQL: SHOW COLUMNS FROM `zz_integral` [ RunTime:0.009034s ]
SQL: SELECT `useintegral` FROM `zz_integral` WHERE ( uid=39 ) LIMIT 1   [ RunTime:0.001007s ]
SQL: SHOW COLUMNS FROM `zz_order` [ RunTime:0.008105s ]
SQL: SELECT COUNT(*) AS tp_count FROM `zz_order` WHERE ( uid=39 ) LIMIT 1   [ RunTime:0.001105s ]
SQL: SHOW COLUMNS FROM `zz_attention` [ RunTime:0.006874s ]
SQL: SELECT COUNT(*) AS tp_count FROM `zz_attention` WHERE ( tuid=39 ) LIMIT 1   [ RunTime:0.001022s ]
SQL: SELECT COUNT(*) AS tp_count FROM `zz_attention` WHERE ( fuid=39 ) LIMIT 1   [ RunTime:0.000990s ]
SQL: SHOW COLUMNS FROM zz_view a [ RunTime:0.000774s ]
ERR: 1064:You have an error in your SQL syntax; check the manual that corresponds to your MySQL server version for the right syntax to use near 'a' at line 1
 [ SQL语句 ] : SHOW COLUMNS FROM zz_view a
SQL: SELECT a.fuid as uid,b.nickname,b.head FROM zz_view a left join zz_member b on a.fuid=b.id  WHERE ( a.tuid=39 ) GROUP BY fuid LIMIT 6   [ RunTime:0.001536s ]
SQL: SHOW COLUMNS FROM zz_attention a [ RunTime:0.000807s ]
ERR: 1064:You have an error in your SQL syntax; check the manual that corresponds to your MySQL server version for the right syntax to use near 'a' at line 1
 [ SQL语句 ] : SHOW COLUMNS FROM zz_attention a
SQL: SELECT a.fuid as uid,b.nickname,b.head FROM zz_attention a left join zz_member b on a.fuid=b.id  WHERE ( tuid=39 ) LIMIT 6   [ RunTime:0.001255s ]
SQL: SHOW COLUMNS FROM `zz_activity` [ RunTime:0.008890s ]
SQL: SELECT COUNT(*) AS tp_count FROM `zz_activity` WHERE ( `isdel` = 0 ) AND ( `status` = 2 ) AND ( `uid` = 39 ) LIMIT 1   [ RunTime:0.001110s ]
SQL: SELECT COUNT(*) AS tp_count FROM `zz_order` WHERE ( `uid` = 39 ) LIMIT 1   [ RunTime:0.001213s ]
SQL: SHOW COLUMNS FROM `zz_review` [ RunTime:0.009187s ]
SQL: SELECT COUNT(*) AS tp_count FROM `zz_review` WHERE ( `isdel` = 0 ) AND ( `uid` = 39 ) LIMIT 1   [ RunTime:0.001288s ]
SQL: SHOW COLUMNS FROM `zz_note` [ RunTime:0.007289s ]
SQL: SELECT COUNT(*) AS tp_count FROM `zz_note` WHERE ( `isdel` = 0 ) AND ( `status` = 2 ) AND ( `uid` = 39 ) LIMIT 1   [ RunTime:0.001715s ]
SQL: SHOW COLUMNS FROM `zz_hostel` [ RunTime:0.006430s ]
SQL: SELECT COUNT(*) AS tp_count FROM `zz_hostel` WHERE ( `isdel` = 0 ) AND ( `status` = 2 ) AND ( `uid` = 39 ) LIMIT 1   [ RunTime:0.001142s ]
SQL: SHOW COLUMNS FROM `zz_member` [ RunTime:0.007087s ]
SQL: SELECT `nickname`,`sex`,`birthday`,`area`,`hometown`,`education`,`school`,`zodiac`,`constellation`,`bloodtype`,`info`,`characteristic`,`hobby` FROM `zz_member` WHERE ( id=39 ) LIMIT 1   [ RunTime:0.001012s ]
NOTIC: [8] Undefined index: HTTP_RAW_POST_DATA C:\wamp\www\woniu\Application\Api\Common\CommonController.class.php 第 16 行.
SQL: SHOW COLUMNS FROM `zz_debug` [ RunTime:0.007913s ]
SQL: INSERT INTO `zz_debug` (`controller`,`action`,`get`,`post`,`inputtime`) VALUES ('Member','detail','http://127.0.0.8/index.php/Home/Member/index.html',null,1478584505) [ RunTime:0.000982s ]
NOTIC: [8] Undefined index: y C:\wamp\www\woniu\Application\Api\Controller\MapController.class.php 第 183 行.
NOTIC: [8] Undefined index: x C:\wamp\www\woniu\Application\Api\Controller\MapController.class.php 第 183 行.
NOTIC: [8] Undefined index: province C:\wamp\www\woniu\Application\Home\Common\CommonController.class.php 第 43 行.
NOTIC: [8] Undefined index: city C:\wamp\www\woniu\Application\Home\Common\CommonController.class.php 第 46 行.
SQL: SHOW COLUMNS FROM `zz_area` [ RunTime:0.006995s ]
SQL: SELECT `name` FROM `zz_area` WHERE ( `id` = null ) LIMIT 1   [ RunTime:0.001023s ]
SQL: SHOW COLUMNS FROM `zz_message` [ RunTime:0.006639s ]
SQL: SELECT COUNT(*) AS tp_count FROM `zz_message` WHERE ( `r_id` = 39 ) AND ( `isdel` = 0 ) AND ( `status` = 0 ) LIMIT 1   [ RunTime:0.001658s ]
SQL: SHOW COLUMNS FROM zz_book_room a [ RunTime:0.000738s ]
ERR: 1064:You have an error in your SQL syntax; check the manual that corresponds to your MySQL server version for the right syntax to use near 'a' at line 1
 [ SQL语句 ] : SHOW COLUMNS FROM zz_book_room a
SQL: SELECT b.catid,b.style FROM zz_book_room a left join zz_hostel b on a.hid=b.id  WHERE ( a.uid = '39' )  [ RunTime:0.001242s ]
SQL: SHOW COLUMNS FROM `zz_hostel` [ RunTime:0.006985s ]
SQL: SHOW COLUMNS FROM `zz_view` [ RunTime:0.007593s ]
SQL: SELECT COUNT(*) AS tp_count FROM `zz_view` WHERE ( fuid=39 and tuid=123 ) LIMIT 1   [ RunTime:0.000982s ]
SQL: SELECT COUNT(*) AS tp_count FROM `zz_view` WHERE ( day(inputtime) = day(NOW()) and month(inputtime) = month(NOW()) and year(inputtime)=year(now()) and fuid=39 and tuid=123 ) LIMIT 1   [ RunTime:0.003423s ]
SQL: SELECT * FROM `zz_member` WHERE ( id=123 ) LIMIT 1   [ RunTime:0.001089s ]
SQL: SHOW COLUMNS FROM `zz_attention` [ RunTime:0.010365s ]
SQL: SELECT COUNT(*) AS tp_count FROM `zz_attention` WHERE ( fuid=123 ) LIMIT 1   [ RunTime:0.001005s ]
SQL: SELECT COUNT(*) AS tp_count FROM `zz_attention` WHERE ( tuid=123 ) LIMIT 1   [ RunTime:0.001231s ]
SQL: SELECT a.fuid as uid,b.nickname,b.head FROM zz_view a left join zz_member b on a.fuid=b.id  WHERE ( a.tuid=123 ) GROUP BY fuid LIMIT 6   [ RunTime:0.002334s ]
SQL: SHOW COLUMNS FROM `zz_linkage` [ RunTime:0.012245s ]
SQL: SELECT * FROM `zz_linkage` WHERE ( `catid` = 1 ) AND ( `value` IN ('') )  [ RunTime:0.001504s ]
SQL: SELECT * FROM `zz_linkage` WHERE ( `catid` = 2 ) AND ( `value` IN ('') )  [ RunTime:0.001022s ]
SQL: SELECT * FROM `zz_attention` WHERE ( `fuid` = 39 ) AND ( `tuid` = 123 ) LIMIT 1   [ RunTime:0.001612s ]
SQL: SHOW COLUMNS FROM zz_hostel a [ RunTime:0.001691s ]
ERR: 1064:You have an error in your SQL syntax; check the manual that corresponds to your MySQL server version for the right syntax to use near 'a' at line 1
 [ SQL语句 ] : SHOW COLUMNS FROM zz_hostel a
SQL: SELECT a.id,a.title,a.thumb,a.money,a.area,a.address,a.lat,a.lng,a.hit,a.description,a.support,a.score as evaluation,a.scorepercent as evaluationpercent,a.uid,b.nickname,b.head,b.rongyun_token,a.type,a.inputtime,c.reviewnum FROM zz_hostel a left join zz_member b on a.uid=b.id left join ( SELECT `value`,count(value) as reviewnum FROM `zz_review` WHERE ( `isdel` = 0 ) AND ( `varname` = 'hostel' ) GROUP BY value  ) c on a.id=c.value  WHERE ( a.isdel = 0 ) AND ( a.status = 2 ) AND ( a.uid = '123' ) ORDER BY a.id desc LIMIT 3   [ RunTime:0.001820s ]
NOTIC: [2] Invalid argument supplied for foreach() C:\wamp\www\woniu\Application\Home\Controller\MemberController.class.php 第 209 行.
SQL: SHOW COLUMNS FROM zz_activity a [ RunTime:0.000804s ]
ERR: 1064:You have an error in your SQL syntax; check the manual that corresponds to your MySQL server version for the right syntax to use near 'a' at line 1
 [ SQL语句 ] : SHOW COLUMNS FROM zz_activity a
SQL: SELECT a.id,a.title,a.thumb,a.money,a.address,a.status,a.uid,a.starttime,a.endtime,a.inputtime FROM zz_activity a left join zz_member b on a.uid=b.id  WHERE ( a.isdel = 0 ) AND ( a.status = 2 ) AND ( a.uid = '123' ) ORDER BY `id` desc LIMIT 2   [ RunTime:0.001503s ]
NOTIC: [2] Invalid argument supplied for foreach() C:\wamp\www\woniu\Application\Home\Controller\MemberController.class.php 第 220 行.
SQL: SHOW COLUMNS FROM zz_trip a [ RunTime:0.000756s ]
ERR: 1064:You have an error in your SQL syntax; check the manual that corresponds to your MySQL server version for the right syntax to use near 'a' at line 1
 [ SQL语句 ] : SHOW COLUMNS FROM zz_trip a
SQL: SELECT a.id,a.title,a.status,a.uid,a.starttime,a.endtime,a.inputtime FROM zz_trip a left join zz_member b on a.uid=b.id  WHERE ( a.ispublic = 1 ) AND ( a.uid = '123' ) ORDER BY `id` desc LIMIT 2   [ RunTime:0.001496s ]
SQL: SHOW COLUMNS FROM zz_review a [ RunTime:0.000816s ]
ERR: 1064:You have an error in your SQL syntax; check the manual that corresponds to your MySQL server version for the right syntax to use near 'a' at line 1
 [ SQL语句 ] : SHOW COLUMNS FROM zz_review a
SQL: SELECT a.id as rid,a.value,a.varname,a.content,a.inputtime,a.uid,b.nickname,b.head,b.rongyun_token FROM zz_review a left join zz_member b on a.uid=b.id  WHERE ( a.uid = '123' ) AND ( a.isdel = 0 ) ORDER BY a.id desc LIMIT 4   [ RunTime:0.004576s ]
SQL: SELECT `title` FROM `zz_note` WHERE ( `id` = 110 ) LIMIT 1   [ RunTime:0.001013s ]
SQL: SELECT `title` FROM `zz_note` WHERE ( `id` = 99 ) LIMIT 1   [ RunTime:0.000947s ]
SQL: SHOW COLUMNS FROM zz_note a [ RunTime:0.000797s ]
ERR: 1064:You have an error in your SQL syntax; check the manual that corresponds to your MySQL server version for the right syntax to use near 'a' at line 1
 [ SQL语句 ] : SHOW COLUMNS FROM zz_note a
SQL: SELECT a.id,a.title,a.thumb,a.description,a.content,a.area,a.address,a.lat,a.lng,a.hit,a.begintime,a.status,a.uid,b.nickname,b.head,b.rongyun_token,a.inputtime,c.reviewnum FROM zz_note a left join zz_member b on a.uid=b.id left join ( SELECT `value`,count(value) as reviewnum FROM `zz_review` WHERE ( `isdel` = 0 ) AND ( `varname` = 'note' ) GROUP BY value  ) c on a.id=c.value  WHERE ( a.uid = '123' ) AND ( a.status = 2 ) AND ( a.isdel = 0 ) ORDER BY a.id desc LIMIT 2   [ RunTime:0.002455s ]
NOTIC: [2] Invalid argument supplied for foreach() C:\wamp\www\woniu\Application\Home\Controller\MemberController.class.php 第 274 行.
SQL: SELECT a.starttime,b.* FROM zz_book_room a left join zz_hostel b on a.hid=b.id  WHERE ( a.uid = '123' ) AND ( a.paystatus = 1 ) LIMIT 4   [ RunTime:0.001283s ]
SQL: SELECT COUNT(*) AS tp_count FROM zz_book_room a left join zz_hostel b on a.hid=b.id  WHERE ( a.uid = '123' ) AND ( a.paystatus = 1 ) LIMIT 1   [ RunTime:0.001246s ]
SQL: SHOW COLUMNS FROM zz_activity_apply a [ RunTime:0.000769s ]
ERR: 1064:You have an error in your SQL syntax; check the manual that corresponds to your MySQL server version for the right syntax to use near 'a' at line 1
 [ SQL语句 ] : SHOW COLUMNS FROM zz_activity_apply a
SQL: SELECT b.* FROM zz_activity_apply a left join zz_activity b on a.aid=b.id  WHERE ( a.uid = '123' ) AND ( a.paystatus = 1 ) LIMIT 4   [ RunTime:0.001457s ]
SQL: SELECT COUNT(*) AS tp_count FROM zz_activity_apply a left join zz_activity b on a.aid=b.id  WHERE ( a.uid = '123' ) AND ( a.paystatus = 1 ) LIMIT 1   [ RunTime:0.001403s ]
INFO: [ view_parse ] --START--
NOTIC: [8] Undefined index: value C:\wamp\www\woniu\ThinkPHP\Library\Think\Template\TagLib\Cx.class.php 第 251 行.
INFO: [ template_filter ] --START--
INFO: Run Behavior\ContentReplaceBehavior [ RunTime:0.001249s ]
INFO: [ template_filter ] --END-- [ RunTime:0.002465s ]
NOTIC: [8] Undefined variable: arrparentid C:\wamp\www\woniu\Runtime\Cache\Home\b2d1dea9000e5d956458845cd7f5b609.php 第 113 行.
NOTIC: [8] Undefined index: id C:\wamp\www\woniu\Runtime\Cache\Home\b2d1dea9000e5d956458845cd7f5b609.php 第 627 行.
NOTIC: [8] Undefined index: id C:\wamp\www\woniu\Runtime\Cache\Home\b2d1dea9000e5d956458845cd7f5b609.php 第 627 行.
INFO: Run Behavior\ParseTemplateBehavior [ RunTime:0.534529s ]
INFO: [ view_parse ] --END-- [ RunTime:0.535839s ]
INFO: [ view_filter ] --START--
INFO: Run Behavior\WriteHtmlCacheBehavior [ RunTime:0.002032s ]
INFO: [ view_filter ] --END-- [ RunTime:0.003294s ]
INFO: [ app_end ] --START--
INFO: Run Behavior\ShowPageTraceBehavior [ RunTime:0.002912s ]
INFO: [ app_end ] --END-- [ RunTime:0.004247s ]

[ 2016-11-08T13:55:12+08:00 ] 127.0.0.1 /index.php/Home/Public/getareachildren.html?id=0
INFO: [ app_init ] --START--
INFO: Run Behavior\BuildLiteBehavior [ RunTime:0.000244s ]
INFO: [ app_init ] --END-- [ RunTime:0.002110s ]
INFO: [ app_begin ] --START--
INFO: Run Behavior\ReadHtmlCacheBehavior [ RunTime:0.001780s ]
INFO: [ app_begin ] --END-- [ RunTime:0.002772s ]
NOTIC: [8] Undefined index: uid C:\wamp\www\woniu\Application\Home\Controller\PublicController.class.php 第 30 行.
SQL: SHOW COLUMNS FROM `zz_area` [ RunTime:0.008182s ]
INFO: [ app_end ] --START--
INFO: Run Behavior\ShowPageTraceBehavior [ RunTime:0.001694s ]
INFO: [ app_end ] --END-- [ RunTime:0.002821s ]

[ 2016-11-08T13:55:15+08:00 ] 127.0.0.1 /index.php/Home/Woniu/get_user_info.html
INFO: [ app_init ] --START--
INFO: Run Behavior\BuildLiteBehavior [ RunTime:0.000242s ]
INFO: [ app_init ] --END-- [ RunTime:0.003091s ]
INFO: [ app_begin ] --START--
INFO: Run Behavior\ReadHtmlCacheBehavior [ RunTime:0.001648s ]
INFO: [ app_begin ] --END-- [ RunTime:0.002771s ]
NOTIC: [2048] Declaration of Home\Controller\WoniuController::show() should be compatible with Think\Controller::show($content, $charset = '', $contentType = '', $prefix = '') C:\wamp\www\woniu\Application\Home\Controller\WoniuController.class.php 第 5 行.
SQL: SHOW COLUMNS FROM `zz_link` [ RunTime:0.008137s ]
SQL: SELECT * FROM `zz_link` WHERE ( catid=1 ) ORDER BY `listorder` desc,`id` desc  [ RunTime:0.001263s ]
SQL: SHOW COLUMNS FROM `zz_config` [ RunTime:0.007063s ]
SQL: SELECT * FROM `zz_config` WHERE ( `groupid` IN ('1','5','6','7','8') )  [ RunTime:0.001734s ]
SQL: SHOW COLUMNS FROM `zz_member` [ RunTime:0.007141s ]
SQL: SELECT * FROM `zz_member` WHERE ( id=39 ) LIMIT 1   [ RunTime:0.001180s ]
SQL: SHOW COLUMNS FROM `zz_alipayaccount` [ RunTime:0.006982s ]
SQL: SELECT `alipayaccount` FROM `zz_alipayaccount` WHERE ( `uid` = 39 ) LIMIT 1   [ RunTime:0.001040s ]
SQL: SHOW COLUMNS FROM `zz_realname_apply` [ RunTime:0.006943s ]
NOTIC: [8] Undefined variable: uid C:\wamp\www\woniu\Application\Home\Common\CommonController.class.php 第 111 行.
SQL: SELECT * FROM `zz_realname_apply` WHERE ( `uid` = null ) LIMIT 1   [ RunTime:0.001078s ]
SQL: SHOW COLUMNS FROM `zz_houserowner_apply` [ RunTime:0.006825s ]
ERR: 1146:Table 'woniu.zz_houserowner_apply' doesn't exist
 [ SQL语句 ] : SHOW COLUMNS FROM `zz_houserowner_apply`
NOTIC: [8] Undefined variable: uid C:\wamp\www\woniu\Application\Home\Common\CommonController.class.php 第 117 行.
SQL: SELECT * FROM `zz_houserowner_apply` WHERE ( `uid` = null ) LIMIT 1   [ RunTime:0.001148s ]
ERR: 1146:Table 'woniu.zz_houserowner_apply' doesn't exist
 [ SQL语句 ] : SELECT * FROM `zz_houserowner_apply` WHERE ( `uid` = null ) LIMIT 1  
SQL: SHOW COLUMNS FROM `zz_integral` [ RunTime:0.007249s ]
SQL: SELECT `useintegral` FROM `zz_integral` WHERE ( uid=39 ) LIMIT 1   [ RunTime:0.000980s ]
SQL: SHOW COLUMNS FROM `zz_order` [ RunTime:0.007300s ]
SQL: SELECT COUNT(*) AS tp_count FROM `zz_order` WHERE ( uid=39 ) LIMIT 1   [ RunTime:0.001242s ]
SQL: SHOW COLUMNS FROM `zz_attention` [ RunTime:0.008070s ]
SQL: SELECT COUNT(*) AS tp_count FROM `zz_attention` WHERE ( tuid=39 ) LIMIT 1   [ RunTime:0.001005s ]
SQL: SELECT COUNT(*) AS tp_count FROM `zz_attention` WHERE ( fuid=39 ) LIMIT 1   [ RunTime:0.001005s ]
SQL: SHOW COLUMNS FROM zz_view a [ RunTime:0.000807s ]
ERR: 1064:You have an error in your SQL syntax; check the manual that corresponds to your MySQL server version for the right syntax to use near 'a' at line 1
 [ SQL语句 ] : SHOW COLUMNS FROM zz_view a
SQL: SELECT a.fuid as uid,b.nickname,b.head FROM zz_view a left join zz_member b on a.fuid=b.id  WHERE ( a.tuid=39 ) GROUP BY fuid LIMIT 6   [ RunTime:0.001424s ]
SQL: SHOW COLUMNS FROM zz_attention a [ RunTime:0.000699s ]
ERR: 1064:You have an error in your SQL syntax; check the manual that corresponds to your MySQL server version for the right syntax to use near 'a' at line 1
 [ SQL语句 ] : SHOW COLUMNS FROM zz_attention a
SQL: SELECT a.fuid as uid,b.nickname,b.head FROM zz_attention a left join zz_member b on a.fuid=b.id  WHERE ( tuid=39 ) LIMIT 6   [ RunTime:0.001178s ]
SQL: SHOW COLUMNS FROM `zz_activity` [ RunTime:0.007596s ]
SQL: SELECT COUNT(*) AS tp_count FROM `zz_activity` WHERE ( `isdel` = 0 ) AND ( `status` = 2 ) AND ( `uid` = 39 ) LIMIT 1   [ RunTime:0.001082s ]
SQL: SELECT COUNT(*) AS tp_count FROM `zz_order` WHERE ( `uid` = 39 ) LIMIT 1   [ RunTime:0.001229s ]
SQL: SHOW COLUMNS FROM `zz_review` [ RunTime:0.007204s ]
SQL: SELECT COUNT(*) AS tp_count FROM `zz_review` WHERE ( `isdel` = 0 ) AND ( `uid` = 39 ) LIMIT 1   [ RunTime:0.001390s ]
SQL: SHOW COLUMNS FROM `zz_note` [ RunTime:0.007936s ]
SQL: SELECT COUNT(*) AS tp_count FROM `zz_note` WHERE ( `isdel` = 0 ) AND ( `status` = 2 ) AND ( `uid` = 39 ) LIMIT 1   [ RunTime:0.001509s ]
SQL: SHOW COLUMNS FROM `zz_hostel` [ RunTime:0.007453s ]
SQL: SELECT COUNT(*) AS tp_count FROM `zz_hostel` WHERE ( `isdel` = 0 ) AND ( `status` = 2 ) AND ( `uid` = 39 ) LIMIT 1   [ RunTime:0.001197s ]
SQL: SHOW COLUMNS FROM `zz_member` [ RunTime:0.008093s ]
SQL: SELECT `nickname`,`sex`,`birthday`,`area`,`hometown`,`education`,`school`,`zodiac`,`constellation`,`bloodtype`,`info`,`characteristic`,`hobby` FROM `zz_member` WHERE ( id=39 ) LIMIT 1   [ RunTime:0.001492s ]
NOTIC: [8] Undefined index: HTTP_RAW_POST_DATA C:\wamp\www\woniu\Application\Api\Common\CommonController.class.php 第 16 行.
SQL: SHOW COLUMNS FROM `zz_debug` [ RunTime:0.006955s ]
SQL: INSERT INTO `zz_debug` (`controller`,`action`,`get`,`post`,`inputtime`) VALUES ('Woniu','get_user_info','http://127.0.0.8/index.php/Home/Member/detail/uid/123.html',null,1478584515) [ RunTime:0.001109s ]
NOTIC: [8] Undefined index: y C:\wamp\www\woniu\Application\Api\Controller\MapController.class.php 第 183 行.
NOTIC: [8] Undefined index: x C:\wamp\www\woniu\Application\Api\Controller\MapController.class.php 第 183 行.
NOTIC: [8] Undefined index: province C:\wamp\www\woniu\Application\Home\Common\CommonController.class.php 第 43 行.
NOTIC: [8] Undefined index: city C:\wamp\www\woniu\Application\Home\Common\CommonController.class.php 第 46 行.
SQL: SHOW COLUMNS FROM `zz_area` [ RunTime:0.006815s ]
SQL: SELECT `name` FROM `zz_area` WHERE ( `id` = null ) LIMIT 1   [ RunTime:0.000932s ]
SQL: SHOW COLUMNS FROM `zz_message` [ RunTime:0.007003s ]
SQL: SELECT COUNT(*) AS tp_count FROM `zz_message` WHERE ( `r_id` = 39 ) AND ( `isdel` = 0 ) AND ( `status` = 0 ) LIMIT 1   [ RunTime:0.001635s ]
SQL: SELECT `id`,`nickname`,`head`,`rongyun_token` FROM `zz_member` WHERE ( `id` IN ('89','23','84','44','96','undefined') )  [ RunTime:0.001107s ]

[ 2016-11-08T13:55:17+08:00 ] 127.0.0.1 /index.php/Home/Woniu/chatdetail/tuid/123/type/member.html
INFO: [ app_init ] --START--
INFO: Run Behavior\BuildLiteBehavior [ RunTime:0.000241s ]
INFO: [ app_init ] --END-- [ RunTime:0.002111s ]
INFO: [ app_begin ] --START--
INFO: Run Behavior\ReadHtmlCacheBehavior [ RunTime:0.001471s ]
INFO: [ app_begin ] --END-- [ RunTime:0.002854s ]
NOTIC: [2048] Declaration of Home\Controller\WoniuController::show() should be compatible with Think\Controller::show($content, $charset = '', $contentType = '', $prefix = '') C:\wamp\www\woniu\Application\Home\Controller\WoniuController.class.php 第 5 行.
SQL: SHOW COLUMNS FROM `zz_link` [ RunTime:0.008301s ]
SQL: SELECT * FROM `zz_link` WHERE ( catid=1 ) ORDER BY `listorder` desc,`id` desc  [ RunTime:0.001099s ]
SQL: SHOW COLUMNS FROM `zz_config` [ RunTime:0.006607s ]
SQL: SELECT * FROM `zz_config` WHERE ( `groupid` IN ('1','5','6','7','8') )  [ RunTime:0.002831s ]
SQL: SHOW COLUMNS FROM `zz_member` [ RunTime:0.006835s ]
SQL: SELECT * FROM `zz_member` WHERE ( id=39 ) LIMIT 1   [ RunTime:0.001181s ]
SQL: SHOW COLUMNS FROM `zz_alipayaccount` [ RunTime:0.008234s ]
SQL: SELECT `alipayaccount` FROM `zz_alipayaccount` WHERE ( `uid` = 39 ) LIMIT 1   [ RunTime:0.000950s ]
SQL: SHOW COLUMNS FROM `zz_realname_apply` [ RunTime:0.007874s ]
NOTIC: [8] Undefined variable: uid C:\wamp\www\woniu\Application\Home\Common\CommonController.class.php 第 111 行.
SQL: SELECT * FROM `zz_realname_apply` WHERE ( `uid` = null ) LIMIT 1   [ RunTime:0.001105s ]
SQL: SHOW COLUMNS FROM `zz_houserowner_apply` [ RunTime:0.006456s ]
ERR: 1146:Table 'woniu.zz_houserowner_apply' doesn't exist
 [ SQL语句 ] : SHOW COLUMNS FROM `zz_houserowner_apply`
NOTIC: [8] Undefined variable: uid C:\wamp\www\woniu\Application\Home\Common\CommonController.class.php 第 117 行.
SQL: SELECT * FROM `zz_houserowner_apply` WHERE ( `uid` = null ) LIMIT 1   [ RunTime:0.001123s ]
ERR: 1146:Table 'woniu.zz_houserowner_apply' doesn't exist
 [ SQL语句 ] : SELECT * FROM `zz_houserowner_apply` WHERE ( `uid` = null ) LIMIT 1  
SQL: SHOW COLUMNS FROM `zz_integral` [ RunTime:0.007220s ]
SQL: SELECT `useintegral` FROM `zz_integral` WHERE ( uid=39 ) LIMIT 1   [ RunTime:0.000988s ]
SQL: SHOW COLUMNS FROM `zz_order` [ RunTime:0.008541s ]
SQL: SELECT COUNT(*) AS tp_count FROM `zz_order` WHERE ( uid=39 ) LIMIT 1   [ RunTime:0.001239s ]
SQL: SHOW COLUMNS FROM `zz_attention` [ RunTime:0.006790s ]
SQL: SELECT COUNT(*) AS tp_count FROM `zz_attention` WHERE ( tuid=39 ) LIMIT 1   [ RunTime:0.001095s ]
SQL: SELECT COUNT(*) AS tp_count FROM `zz_attention` WHERE ( fuid=39 ) LIMIT 1   [ RunTime:0.001035s ]
SQL: SHOW COLUMNS FROM zz_view a [ RunTime:0.000878s ]
ERR: 1064:You have an error in your SQL syntax; check the manual that corresponds to your MySQL server version for the right syntax to use near 'a' at line 1
 [ SQL语句 ] : SHOW COLUMNS FROM zz_view a
SQL: SELECT a.fuid as uid,b.nickname,b.head FROM zz_view a left join zz_member b on a.fuid=b.id  WHERE ( a.tuid=39 ) GROUP BY fuid LIMIT 6   [ RunTime:0.001357s ]
SQL: SHOW COLUMNS FROM zz_attention a [ RunTime:0.000766s ]
ERR: 1064:You have an error in your SQL syntax; check the manual that corresponds to your MySQL server version for the right syntax to use near 'a' at line 1
 [ SQL语句 ] : SHOW COLUMNS FROM zz_attention a
SQL: SELECT a.fuid as uid,b.nickname,b.head FROM zz_attention a left join zz_member b on a.fuid=b.id  WHERE ( tuid=39 ) LIMIT 6   [ RunTime:0.001148s ]
SQL: SHOW COLUMNS FROM `zz_activity` [ RunTime:0.007556s ]
SQL: SELECT COUNT(*) AS tp_count FROM `zz_activity` WHERE ( `isdel` = 0 ) AND ( `status` = 2 ) AND ( `uid` = 39 ) LIMIT 1   [ RunTime:0.001115s ]
SQL: SELECT COUNT(*) AS tp_count FROM `zz_order` WHERE ( `uid` = 39 ) LIMIT 1   [ RunTime:0.001191s ]
SQL: SHOW COLUMNS FROM `zz_review` [ RunTime:0.007410s ]
SQL: SELECT COUNT(*) AS tp_count FROM `zz_review` WHERE ( `isdel` = 0 ) AND ( `uid` = 39 ) LIMIT 1   [ RunTime:0.001262s ]
SQL: SHOW COLUMNS FROM `zz_note` [ RunTime:0.007183s ]
SQL: SELECT COUNT(*) AS tp_count FROM `zz_note` WHERE ( `isdel` = 0 ) AND ( `status` = 2 ) AND ( `uid` = 39 ) LIMIT 1   [ RunTime:0.001504s ]
SQL: SHOW COLUMNS FROM `zz_hostel` [ RunTime:0.007196s ]
SQL: SELECT COUNT(*) AS tp_count FROM `zz_hostel` WHERE ( `isdel` = 0 ) AND ( `status` = 2 ) AND ( `uid` = 39 ) LIMIT 1   [ RunTime:0.002116s ]
SQL: SHOW COLUMNS FROM `zz_member` [ RunTime:0.007449s ]
SQL: SELECT `nickname`,`sex`,`birthday`,`area`,`hometown`,`education`,`school`,`zodiac`,`constellation`,`bloodtype`,`info`,`characteristic`,`hobby` FROM `zz_member` WHERE ( id=39 ) LIMIT 1   [ RunTime:0.001038s ]
NOTIC: [8] Undefined index: HTTP_RAW_POST_DATA C:\wamp\www\woniu\Application\Api\Common\CommonController.class.php 第 16 行.
SQL: SHOW COLUMNS FROM `zz_debug` [ RunTime:0.006696s ]
SQL: INSERT INTO `zz_debug` (`controller`,`action`,`get`,`post`,`inputtime`) VALUES ('Woniu','chatdetail','http://127.0.0.8/index.php/Home/Member/detail/uid/123.html',null,1478584516) [ RunTime:0.001079s ]
NOTIC: [8] Undefined index: y C:\wamp\www\woniu\Application\Api\Controller\MapController.class.php 第 183 行.
NOTIC: [8] Undefined index: x C:\wamp\www\woniu\Application\Api\Controller\MapController.class.php 第 183 行.
NOTIC: [8] Undefined index: province C:\wamp\www\woniu\Application\Home\Common\CommonController.class.php 第 43 行.
NOTIC: [8] Undefined index: city C:\wamp\www\woniu\Application\Home\Common\CommonController.class.php 第 46 行.
SQL: SHOW COLUMNS FROM `zz_area` [ RunTime:0.006546s ]
SQL: SELECT `name` FROM `zz_area` WHERE ( `id` = null ) LIMIT 1   [ RunTime:0.000904s ]
SQL: SHOW COLUMNS FROM `zz_message` [ RunTime:0.006979s ]
SQL: SELECT COUNT(*) AS tp_count FROM `zz_message` WHERE ( `r_id` = 39 ) AND ( `isdel` = 0 ) AND ( `status` = 0 ) LIMIT 1   [ RunTime:0.001602s ]
SQL: SELECT `id`,`nickname`,`head`,`rongyun_token` FROM `zz_member` WHERE ( `id` = 123 ) LIMIT 1   [ RunTime:0.001227s ]
INFO: [ view_parse ] --START--
INFO: [ template_filter ] --START--
INFO: Run Behavior\ContentReplaceBehavior [ RunTime:0.001216s ]
INFO: [ template_filter ] --END-- [ RunTime:0.002463s ]
NOTIC: [8] Undefined variable: arrparentid C:\wamp\www\woniu\Runtime\Cache\Home\1db740c97830ff4abc0665239097eb3e.php 第 118 行.
INFO: Run Behavior\ParseTemplateBehavior [ RunTime:0.215091s ]
INFO: [ view_parse ] --END-- [ RunTime:0.216328s ]
INFO: [ view_filter ] --START--
INFO: Run Behavior\WriteHtmlCacheBehavior [ RunTime:0.004842s ]
INFO: [ view_filter ] --END-- [ RunTime:0.006094s ]
INFO: [ app_end ] --START--
INFO: Run Behavior\ShowPageTraceBehavior [ RunTime:0.002081s ]
INFO: [ app_end ] --END-- [ RunTime:0.003388s ]

[ 2016-11-08T13:55:21+08:00 ] 127.0.0.1 /index.php/Home/Public/getareachildren.html?id=0
INFO: [ app_init ] --START--
INFO: Run Behavior\BuildLiteBehavior [ RunTime:0.000253s ]
INFO: [ app_init ] --END-- [ RunTime:0.002386s ]
INFO: [ app_begin ] --START--
INFO: Run Behavior\ReadHtmlCacheBehavior [ RunTime:0.001793s ]
INFO: [ app_begin ] --END-- [ RunTime:0.003088s ]
NOTIC: [8] Undefined index: uid C:\wamp\www\woniu\Application\Home\Controller\PublicController.class.php 第 30 行.
SQL: SHOW COLUMNS FROM `zz_area` [ RunTime:0.006477s ]
INFO: [ app_end ] --START--
INFO: Run Behavior\ShowPageTraceBehavior [ RunTime:0.001865s ]
INFO: [ app_end ] --END-- [ RunTime:0.003024s ]

[ 2016-11-08T13:55:25+08:00 ] 127.0.0.1 /index.php/Home/Woniu/get_user_info.html
INFO: [ app_init ] --START--
INFO: Run Behavior\BuildLiteBehavior [ RunTime:0.000237s ]
INFO: [ app_init ] --END-- [ RunTime:0.002495s ]
INFO: [ app_begin ] --START--
INFO: Run Behavior\ReadHtmlCacheBehavior [ RunTime:0.001496s ]
INFO: [ app_begin ] --END-- [ RunTime:0.002493s ]
NOTIC: [2048] Declaration of Home\Controller\WoniuController::show() should be compatible with Think\Controller::show($content, $charset = '', $contentType = '', $prefix = '') C:\wamp\www\woniu\Application\Home\Controller\WoniuController.class.php 第 5 行.
SQL: SHOW COLUMNS FROM `zz_link` [ RunTime:0.006841s ]
SQL: SELECT * FROM `zz_link` WHERE ( catid=1 ) ORDER BY `listorder` desc,`id` desc  [ RunTime:0.001191s ]
SQL: SHOW COLUMNS FROM `zz_config` [ RunTime:0.006245s ]
SQL: SELECT * FROM `zz_config` WHERE ( `groupid` IN ('1','5','6','7','8') )  [ RunTime:0.001709s ]
SQL: SHOW COLUMNS FROM `zz_member` [ RunTime:0.007148s ]
SQL: SELECT * FROM `zz_member` WHERE ( id=39 ) LIMIT 1   [ RunTime:0.001094s ]
SQL: SHOW COLUMNS FROM `zz_alipayaccount` [ RunTime:0.006397s ]
SQL: SELECT `alipayaccount` FROM `zz_alipayaccount` WHERE ( `uid` = 39 ) LIMIT 1   [ RunTime:0.000930s ]
SQL: SHOW COLUMNS FROM `zz_realname_apply` [ RunTime:0.006694s ]
NOTIC: [8] Undefined variable: uid C:\wamp\www\woniu\Application\Home\Common\CommonController.class.php 第 111 行.
SQL: SELECT * FROM `zz_realname_apply` WHERE ( `uid` = null ) LIMIT 1   [ RunTime:0.000957s ]
SQL: SHOW COLUMNS FROM `zz_houserowner_apply` [ RunTime:0.005665s ]
ERR: 1146:Table 'woniu.zz_houserowner_apply' doesn't exist
 [ SQL语句 ] : SHOW COLUMNS FROM `zz_houserowner_apply`
NOTIC: [8] Undefined variable: uid C:\wamp\www\woniu\Application\Home\Common\CommonController.class.php 第 117 行.
SQL: SELECT * FROM `zz_houserowner_apply` WHERE ( `uid` = null ) LIMIT 1   [ RunTime:0.001079s ]
ERR: 1146:Table 'woniu.zz_houserowner_apply' doesn't exist
 [ SQL语句 ] : SELECT * FROM `zz_houserowner_apply` WHERE ( `uid` = null ) LIMIT 1  
SQL: SHOW COLUMNS FROM `zz_integral` [ RunTime:0.006575s ]
SQL: SELECT `useintegral` FROM `zz_integral` WHERE ( uid=39 ) LIMIT 1   [ RunTime:0.001115s ]
SQL: SHOW COLUMNS FROM `zz_order` [ RunTime:0.006474s ]
SQL: SELECT COUNT(*) AS tp_count FROM `zz_order` WHERE ( uid=39 ) LIMIT 1   [ RunTime:0.001192s ]
SQL: SHOW COLUMNS FROM `zz_attention` [ RunTime:0.006492s ]
SQL: SELECT COUNT(*) AS tp_count FROM `zz_attention` WHERE ( tuid=39 ) LIMIT 1   [ RunTime:0.001043s ]
SQL: SELECT COUNT(*) AS tp_count FROM `zz_attention` WHERE ( fuid=39 ) LIMIT 1   [ RunTime:0.000943s ]
SQL: SHOW COLUMNS FROM zz_view a [ RunTime:0.000835s ]
ERR: 1064:You have an error in your SQL syntax; check the manual that corresponds to your MySQL server version for the right syntax to use near 'a' at line 1
 [ SQL语句 ] : SHOW COLUMNS FROM zz_view a
SQL: SELECT a.fuid as uid,b.nickname,b.head FROM zz_view a left join zz_member b on a.fuid=b.id  WHERE ( a.tuid=39 ) GROUP BY fuid LIMIT 6   [ RunTime:0.001297s ]
SQL: SHOW COLUMNS FROM zz_attention a [ RunTime:0.000816s ]
ERR: 1064:You have an error in your SQL syntax; check the manual that corresponds to your MySQL server version for the right syntax to use near 'a' at line 1
 [ SQL语句 ] : SHOW COLUMNS FROM zz_attention a
SQL: SELECT a.fuid as uid,b.nickname,b.head FROM zz_attention a left join zz_member b on a.fuid=b.id  WHERE ( tuid=39 ) LIMIT 6   [ RunTime:0.001093s ]
SQL: SHOW COLUMNS FROM `zz_activity` [ RunTime:0.006888s ]
SQL: SELECT COUNT(*) AS tp_count FROM `zz_activity` WHERE ( `isdel` = 0 ) AND ( `status` = 2 ) AND ( `uid` = 39 ) LIMIT 1   [ RunTime:0.001053s ]
SQL: SELECT COUNT(*) AS tp_count FROM `zz_order` WHERE ( `uid` = 39 ) LIMIT 1   [ RunTime:0.001779s ]
SQL: SHOW COLUMNS FROM `zz_review` [ RunTime:0.007221s ]
SQL: SELECT COUNT(*) AS tp_count FROM `zz_review` WHERE ( `isdel` = 0 ) AND ( `uid` = 39 ) LIMIT 1   [ RunTime:0.001201s ]
SQL: SHOW COLUMNS FROM `zz_note` [ RunTime:0.006973s ]
SQL: SELECT COUNT(*) AS tp_count FROM `zz_note` WHERE ( `isdel` = 0 ) AND ( `status` = 2 ) AND ( `uid` = 39 ) LIMIT 1   [ RunTime:0.001479s ]
SQL: SHOW COLUMNS FROM `zz_hostel` [ RunTime:0.007073s ]
SQL: SELECT COUNT(*) AS tp_count FROM `zz_hostel` WHERE ( `isdel` = 0 ) AND ( `status` = 2 ) AND ( `uid` = 39 ) LIMIT 1   [ RunTime:0.001074s ]
SQL: SHOW COLUMNS FROM `zz_member` [ RunTime:0.007196s ]
SQL: SELECT `nickname`,`sex`,`birthday`,`area`,`hometown`,`education`,`school`,`zodiac`,`constellation`,`bloodtype`,`info`,`characteristic`,`hobby` FROM `zz_member` WHERE ( id=39 ) LIMIT 1   [ RunTime:0.001105s ]
NOTIC: [8] Undefined index: HTTP_RAW_POST_DATA C:\wamp\www\woniu\Application\Api\Common\CommonController.class.php 第 16 行.
SQL: SHOW COLUMNS FROM `zz_debug` [ RunTime:0.006835s ]
SQL: INSERT INTO `zz_debug` (`controller`,`action`,`get`,`post`,`inputtime`) VALUES ('Woniu','get_user_info','http://127.0.0.8/index.php/Home/Woniu/chatdetail/tuid/123/type/member.html',null,1478584525) [ RunTime:0.000844s ]
NOTIC: [8] Undefined index: y C:\wamp\www\woniu\Application\Api\Controller\MapController.class.php 第 183 行.
NOTIC: [8] Undefined index: x C:\wamp\www\woniu\Application\Api\Controller\MapController.class.php 第 183 行.
NOTIC: [8] Undefined index: province C:\wamp\www\woniu\Application\Home\Common\CommonController.class.php 第 43 行.
NOTIC: [8] Undefined index: city C:\wamp\www\woniu\Application\Home\Common\CommonController.class.php 第 46 行.
SQL: SHOW COLUMNS FROM `zz_area` [ RunTime:0.007158s ]
SQL: SELECT `name` FROM `zz_area` WHERE ( `id` = null ) LIMIT 1   [ RunTime:0.000790s ]
SQL: SHOW COLUMNS FROM `zz_message` [ RunTime:0.006552s ]
SQL: SELECT COUNT(*) AS tp_count FROM `zz_message` WHERE ( `r_id` = 39 ) AND ( `isdel` = 0 ) AND ( `status` = 0 ) LIMIT 1   [ RunTime:0.001412s ]
SQL: SELECT `id`,`nickname`,`head`,`rongyun_token` FROM `zz_member` WHERE ( `id` IN ('89','23','84','44','96','undefined') )  [ RunTime:0.001040s ]

